<?xml version="1.0" encoding="UTF-8"?>
<robot generator="Robot 5.0 (Python 3.10.2 on win32)" generated="20220517 11:00:43.181" rpa="false" schemaversion="3">
<suite id="s1" name="Test-Suites" source="C:\Users\faespada\Desktop\Fulfillment2\AutomatedTest\run_test\test-suites">
<suite id="s1-s1" name="Fulfillment" source="C:\Users\faespada\Desktop\Fulfillment2\AutomatedTest\run_test\test-suites\Fulfillment.robot">
<kw name="Open Application" library="Keywords" type="SETUP">
<arg>${URL}</arg>
<kw name="Set Global Variables" library="Keywords">
<kw name="Set Current Date" library="Keywords">
<kw name="Get Current Date" library="DateTime">
<var>${DATE}</var>
<doc>Returns current local or UTC time with an optional increment.</doc>
<msg timestamp="20220517 11:00:44.033" level="INFO">${DATE} = 2022-05-17 11:00:44.032</msg>
<status status="PASS" starttime="20220517 11:00:44.032" endtime="20220517 11:00:44.033"/>
</kw>
<kw name="Convert Date" library="DateTime">
<var>${DATE}</var>
<arg>${DATE}</arg>
<arg>result_format=%Y-%m-%d</arg>
<doc>Converts between supported `date formats`.</doc>
<msg timestamp="20220517 11:00:44.038" level="INFO">${DATE} = 2022-05-17</msg>
<status status="PASS" starttime="20220517 11:00:44.033" endtime="20220517 11:00:44.038"/>
</kw>
<kw name="Set Global Variable" library="BuiltIn">
<arg>${DATE}</arg>
<doc>Makes a variable available globally in all tests and suites.</doc>
<msg timestamp="20220517 11:00:44.038" level="INFO">${DATE} = 2022-05-17</msg>
<status status="PASS" starttime="20220517 11:00:44.038" endtime="20220517 11:00:44.038"/>
</kw>
<status status="PASS" starttime="20220517 11:00:44.032" endtime="20220517 11:00:44.038"/>
</kw>
<status status="PASS" starttime="20220517 11:00:44.032" endtime="20220517 11:00:44.038"/>
</kw>
<kw name="Log To Console" library="BuiltIn">
<arg>Initializing Automated Test</arg>
<doc>Logs the given message to the console.</doc>
<status status="PASS" starttime="20220517 11:00:44.038" endtime="20220517 11:00:44.039"/>
</kw>
<kw name="Evaluate" library="BuiltIn">
<var>${chrome_options}</var>
<arg>sys.modules['selenium.webdriver'].ChromeOptions()</arg>
<arg>sys, selenium.webdriver</arg>
<doc>Evaluates the given expression in Python and returns the result.</doc>
<msg timestamp="20220517 11:00:44.039" level="INFO">${chrome_options} = &lt;selenium.webdriver.chrome.options.Options object at 0x0000023EB6AC4310&gt;</msg>
<status status="PASS" starttime="20220517 11:00:44.039" endtime="20220517 11:00:44.039"/>
</kw>
<kw name="Call Method" library="BuiltIn">
<arg>${chrome_options}</arg>
<arg>add_argument</arg>
<arg>test-type</arg>
<doc>Calls the named method of the given object with the provided arguments.</doc>
<status status="PASS" starttime="20220517 11:00:44.039" endtime="20220517 11:00:44.039"/>
</kw>
<kw name="Call Method" library="BuiltIn">
<arg>${chrome_options}</arg>
<arg>add_argument</arg>
<arg>--disable-extensions</arg>
<doc>Calls the named method of the given object with the provided arguments.</doc>
<status status="PASS" starttime="20220517 11:00:44.040" endtime="20220517 11:00:44.040"/>
</kw>
<kw name="Call Method" library="BuiltIn">
<arg>${chrome_options}</arg>
<arg>add_argument</arg>
<arg>--headless</arg>
<doc>Calls the named method of the given object with the provided arguments.</doc>
<status status="PASS" starttime="20220517 11:00:44.040" endtime="20220517 11:00:44.040"/>
</kw>
<kw name="Call Method" library="BuiltIn">
<arg>${chrome_options}</arg>
<arg>add_argument</arg>
<arg>--disable-dev-shm-usage</arg>
<doc>Calls the named method of the given object with the provided arguments.</doc>
<status status="PASS" starttime="20220517 11:00:44.040" endtime="20220517 11:00:44.040"/>
</kw>
<kw name="Call Method" library="BuiltIn">
<arg>${chrome_options}</arg>
<arg>add_argument</arg>
<arg>--disable-gpu</arg>
<doc>Calls the named method of the given object with the provided arguments.</doc>
<status status="PASS" starttime="20220517 11:00:44.040" endtime="20220517 11:00:44.040"/>
</kw>
<kw name="Call Method" library="BuiltIn">
<arg>${chrome_options}</arg>
<arg>add_argument</arg>
<arg>--no-sandbox</arg>
<doc>Calls the named method of the given object with the provided arguments.</doc>
<status status="PASS" starttime="20220517 11:00:44.040" endtime="20220517 11:00:44.041"/>
</kw>
<kw name="Create Webdriver" library="SeleniumLibrary">
<arg>Chrome</arg>
<arg>chrome_options=${chrome_options}</arg>
<doc>Creates an instance of Selenium WebDriver.</doc>
<msg timestamp="20220517 11:00:44.041" level="INFO">Creating an instance of the Chrome WebDriver.</msg>
<status status="PASS" starttime="20220517 11:00:44.041" endtime="20220517 11:00:45.999"/>
</kw>
<kw name="Go To" library="SeleniumLibrary">
<arg>${URL}</arg>
<doc>Navigates the current browser window to the provided ``url``.</doc>
<msg timestamp="20220517 11:00:45.999" level="INFO">Opening url 'https://testing.ptunited.com/#/'</msg>
<status status="PASS" starttime="20220517 11:00:45.999" endtime="20220517 11:00:50.794"/>
</kw>
<kw name="Set Window Size" library="SeleniumLibrary">
<arg>${1920}</arg>
<arg>${1080}</arg>
<doc>Sets current windows size to given ``width`` and ``height``.</doc>
<status status="PASS" starttime="20220517 11:00:50.794" endtime="20220517 11:00:51.418"/>
</kw>
<kw name="Sleep" library="BuiltIn">
<arg>2s</arg>
<doc>Pauses the test executed for the given time.</doc>
<msg timestamp="20220517 11:00:53.429" level="INFO">Slept 2 seconds</msg>
<status status="PASS" starttime="20220517 11:00:51.418" endtime="20220517 11:00:53.429"/>
</kw>
<status status="PASS" starttime="20220517 11:00:44.031" endtime="20220517 11:00:53.430"/>
</kw>
<test id="s1-s1-t1" name="Fulfillment Workflow" line="20">
<kw name="Sleep" library="BuiltIn">
<arg>10s</arg>
<doc>Pauses the test executed for the given time.</doc>
<msg timestamp="20220517 11:01:03.439" level="INFO">Slept 10 seconds</msg>
<status status="PASS" starttime="20220517 11:00:53.431" endtime="20220517 11:01:03.439"/>
</kw>
<kw name="Login" library="Keywords">
<arg>${USERNAME}</arg>
<arg>${PASSWORD}</arg>
<kw name="Log To Console" library="BuiltIn">
<arg>Starting Login...</arg>
<doc>Logs the given message to the console.</doc>
<status status="PASS" starttime="20220517 11:01:03.442" endtime="20220517 11:01:03.445"/>
</kw>
<kw name="Set Global Variable" library="BuiltIn">
<arg>@{RESULTS}</arg>
<arg>${EMPTY}</arg>
<doc>Makes a variable available globally in all tests and suites.</doc>
<msg timestamp="20220517 11:01:03.448" level="INFO">@{RESULTS} = [  ]</msg>
<status status="PASS" starttime="20220517 11:01:03.446" endtime="20220517 11:01:03.448"/>
</kw>
<kw name="Wait Until Element Is Visible" library="SeleniumLibrary">
<arg>${loc_input_user_login}</arg>
<arg>${WAIT}</arg>
<doc>Waits until the element ``locator`` is visible.</doc>
<status status="PASS" starttime="20220517 11:01:03.448" endtime="20220517 11:01:03.484"/>
</kw>
<kw name="Wait Until Element Is Visible" library="SeleniumLibrary">
<arg>${loc_input_pass_login}</arg>
<arg>${WAIT}</arg>
<doc>Waits until the element ``locator`` is visible.</doc>
<status status="PASS" starttime="20220517 11:01:03.485" endtime="20220517 11:01:03.517"/>
</kw>
<kw name="Wait Until Element Is Visible" library="SeleniumLibrary">
<arg>${loc_buttn_sign_login}</arg>
<arg>${WAIT}</arg>
<doc>Waits until the element ``locator`` is visible.</doc>
<status status="PASS" starttime="20220517 11:01:03.517" endtime="20220517 11:01:03.544"/>
</kw>
<kw name="Input Text" library="SeleniumLibrary">
<arg>${loc_input_user_login}</arg>
<arg>${USERNAME}</arg>
<doc>Types the given ``text`` into the text field identified by ``locator``.</doc>
<msg timestamp="20220517 11:01:03.546" level="INFO">Typing text 'fernando.espada@sonorasoft.com' into text field 'name:email'.</msg>
<status status="PASS" starttime="20220517 11:01:03.545" endtime="20220517 11:01:03.700"/>
</kw>
<kw name="Input Text" library="SeleniumLibrary">
<arg>${loc_input_pass_login}</arg>
<arg>${PASSWORD}</arg>
<doc>Types the given ``text`` into the text field identified by ``locator``.</doc>
<msg timestamp="20220517 11:01:03.702" level="INFO">Typing text 'Secret@123' into text field 'name:password'.</msg>
<status status="PASS" starttime="20220517 11:01:03.701" endtime="20220517 11:01:03.802"/>
</kw>
<kw name="Click Element" library="SeleniumLibrary">
<arg>${loc_buttn_sign_login}</arg>
<doc>Click the element identified by ``locator``.</doc>
<msg timestamp="20220517 11:01:03.802" level="INFO">Clicking element 'css:button.btn'.</msg>
<status status="PASS" starttime="20220517 11:01:03.802" endtime="20220517 11:01:07.964"/>
</kw>
<kw name="Create Dictionary" library="BuiltIn">
<var>&amp;{templist}</var>
<arg>feature=Login</arg>
<arg>status=PASSED</arg>
<arg>notes=</arg>
<doc>Creates and returns a dictionary based on the given ``items``.</doc>
<msg timestamp="20220517 11:01:07.965" level="INFO">&amp;{templist} = { feature=Login | status=PASSED | notes= }</msg>
<status status="PASS" starttime="20220517 11:01:07.965" endtime="20220517 11:01:07.965"/>
</kw>
<kw name="Append To List" library="Collections">
<arg>${RESULTS}</arg>
<arg>${templist}</arg>
<doc>Adds ``values`` to the end of ``list``.</doc>
<status status="PASS" starttime="20220517 11:01:07.965" endtime="20220517 11:01:07.966"/>
</kw>
<status status="PASS" starttime="20220517 11:01:03.440" endtime="20220517 11:01:07.966"/>
</kw>
<kw name="Verify User On Home Page" library="Keywords">
<kw name="Wait Until Element Is Visible" library="SeleniumLibrary">
<arg>${loc_h1_header_home}</arg>
<arg>${WAIT}</arg>
<doc>Waits until the element ``locator`` is visible.</doc>
<status status="PASS" starttime="20220517 11:01:07.967" endtime="20220517 11:01:07.999"/>
</kw>
<kw name="Log To Console" library="BuiltIn">
<arg>...Login Successful!</arg>
<doc>Logs the given message to the console.</doc>
<status status="PASS" starttime="20220517 11:01:08.000" endtime="20220517 11:01:08.000"/>
</kw>
<status status="PASS" starttime="20220517 11:01:07.966" endtime="20220517 11:01:08.000"/>
</kw>
<kw name="Go To Shop Page" library="Keywords">
<kw name="Log To Console" library="BuiltIn">
<arg>Navigating to Shop Screen</arg>
<doc>Logs the given message to the console.</doc>
<status status="PASS" starttime="20220517 11:01:08.001" endtime="20220517 11:01:08.001"/>
</kw>
<kw name="Wait Until Element Is Visible" library="SeleniumLibrary">
<arg>${loc_span_shop_sidebar}</arg>
<arg>${WAIT}</arg>
<doc>Waits until the element ``locator`` is visible.</doc>
<status status="PASS" starttime="20220517 11:01:08.002" endtime="20220517 11:01:08.039"/>
</kw>
<kw name="Click Element" library="SeleniumLibrary">
<arg>${loc_span_shop_sidebar}</arg>
<doc>Click the element identified by ``locator``.</doc>
<msg timestamp="20220517 11:01:08.040" level="INFO">Clicking element 'xpath=//*[contains(text(),'Shop')]'.</msg>
<status status="PASS" starttime="20220517 11:01:08.039" endtime="20220517 11:01:11.572"/>
</kw>
<kw name="Sleep" library="BuiltIn">
<arg>${WAIT}</arg>
<doc>Pauses the test executed for the given time.</doc>
<msg timestamp="20220517 11:01:19.576" level="INFO">Slept 8 seconds</msg>
<status status="PASS" starttime="20220517 11:01:11.572" endtime="20220517 11:01:19.577"/>
</kw>
<status status="PASS" starttime="20220517 11:01:08.001" endtime="20220517 11:01:19.577"/>
</kw>
<kw name="Add Products To Quote" library="Keywords">
<var>${ProductNames}</var>
<kw name="Log To Console" library="BuiltIn">
<arg>Adding Products to Quote...</arg>
<doc>Logs the given message to the console.</doc>
<status status="PASS" starttime="20220517 11:01:19.579" endtime="20220517 11:01:19.580"/>
</kw>
<kw name="Wait Until Page Contains Element" library="SeleniumLibrary">
<arg>${loc_div_hidden_shop}</arg>
<arg>${WAIT}</arg>
<doc>Waits until the element ``locator`` appears on the current page.</doc>
<status status="PASS" starttime="20220517 11:01:19.580" endtime="20220517 11:01:19.618"/>
</kw>
<kw name="Add First Five Products To Quote" library="Keywords">
<var>${ProductNames}</var>
<kw name="Wait Until Element Is Visible" library="SeleniumLibrary">
<arg>${loc_a_add1stProduct_shop}</arg>
<arg>40s</arg>
<doc>Waits until the element ``locator`` is visible.</doc>
<status status="PASS" starttime="20220517 11:01:19.619" endtime="20220517 11:01:19.653"/>
</kw>
<kw name="Create List" library="BuiltIn">
<var>@{ProductNamesList}</var>
<doc>Returns a list containing given items.</doc>
<msg timestamp="20220517 11:01:19.653" level="INFO">@{ProductNamesList} = [ ]</msg>
<status status="PASS" starttime="20220517 11:01:19.653" endtime="20220517 11:01:19.653"/>
</kw>
<for flavor="IN RANGE">
<var>${i}</var>
<value>1</value>
<value>6</value>
<iter>
<var name="${i}">1</var>
<kw name="Sleep" library="BuiltIn">
<arg>5s</arg>
<doc>Pauses the test executed for the given time.</doc>
<msg timestamp="20220517 11:01:24.662" level="INFO">Slept 5 seconds</msg>
<status status="PASS" starttime="20220517 11:01:19.654" endtime="20220517 11:01:24.662"/>
</kw>
<kw name="Set Variable" library="BuiltIn">
<var>${temploc_a_add_shop}</var>
<arg>xpath=//div[@id='products']//div[${i}]/div/div/div[2]/div[5]/div[3]/div/div/a</arg>
<doc>Returns the given values which can then be assigned to a variables.</doc>
<msg timestamp="20220517 11:01:24.663" level="INFO">${temploc_a_add_shop} = xpath=//div[@id='products']//div[1]/div/div/div[2]/div[5]/div[3]/div/div/a</msg>
<status status="PASS" starttime="20220517 11:01:24.662" endtime="20220517 11:01:24.663"/>
</kw>
<kw name="Set Variable" library="BuiltIn">
<var>${temploc_h5_name_shop}</var>
<arg>xpath=//div[@id='products']//div[${i}]/div/div/div[2]/div[1]/div[1]/h5</arg>
<doc>Returns the given values which can then be assigned to a variables.</doc>
<msg timestamp="20220517 11:01:24.663" level="INFO">${temploc_h5_name_shop} = xpath=//div[@id='products']//div[1]/div/div/div[2]/div[1]/div[1]/h5</msg>
<status status="PASS" starttime="20220517 11:01:24.663" endtime="20220517 11:01:24.663"/>
</kw>
<kw name="Add Product to Quote" library="Keywords">
<var>${tempName}</var>
<arg>${temploc_a_add_shop}</arg>
<arg>${WAIT}</arg>
<arg>${temploc_h5_name_shop}</arg>
<kw name="Wait Until Element Is Visible" library="SeleniumLibrary">
<arg>${locator}</arg>
<arg>${timeout}</arg>
<doc>Waits until the element ``locator`` is visible.</doc>
<status status="PASS" starttime="20220517 11:01:24.664" endtime="20220517 11:01:24.685"/>
</kw>
<kw name="Click Element" library="SeleniumLibrary">
<arg>${locator}</arg>
<doc>Click the element identified by ``locator``.</doc>
<msg timestamp="20220517 11:01:24.685" level="INFO">Clicking element 'xpath=//div[@id='products']//div[1]/div/div/div[2]/div[5]/div[3]/div/div/a'.</msg>
<status status="PASS" starttime="20220517 11:01:24.685" endtime="20220517 11:01:24.760"/>
</kw>
<kw name="Get Text" library="SeleniumLibrary">
<var>${temp}</var>
<arg>${name}</arg>
<doc>Returns the text value of the element identified by ``locator``.</doc>
<msg timestamp="20220517 11:01:24.796" level="INFO">${temp} = TheraBand Professional Latex Resistance Bands - 5” wide x 50 yards long - Heavy Blue</msg>
<status status="PASS" starttime="20220517 11:01:24.760" endtime="20220517 11:01:24.796"/>
</kw>
<kw name="Log To Console" library="BuiltIn">
<arg>Looking for Pop Up, timeout 15s</arg>
<doc>Logs the given message to the console.</doc>
<status status="PASS" starttime="20220517 11:01:24.796" endtime="20220517 11:01:24.796"/>
</kw>
<kw name="Run Keyword And Ignore Error" library="BuiltIn">
<arg>Wait Until Element Is Visible</arg>
<arg>${loc_div_quoteupdatedsuccess_shop}</arg>
<arg>${WAIT}</arg>
<doc>Runs the given keyword with the given arguments and ignores possible error.</doc>
<kw name="Wait Until Element Is Visible" library="SeleniumLibrary">
<arg>${loc_div_quoteupdatedsuccess_shop}</arg>
<arg>${WAIT}</arg>
<doc>Waits until the element ``locator`` is visible.</doc>
<status status="PASS" starttime="20220517 11:01:24.797" endtime="20220517 11:01:25.265"/>
</kw>
<status status="PASS" starttime="20220517 11:01:24.797" endtime="20220517 11:01:25.265"/>
</kw>
<msg timestamp="20220517 11:01:25.266" level="INFO">${tempName} = TheraBand Professional Latex Resistance Bands - 5” wide x 50 yards long - Heavy Blue</msg>
<status status="PASS" starttime="20220517 11:01:24.663" endtime="20220517 11:01:25.266"/>
</kw>
<kw name="Append To List" library="Collections">
<arg>${ProductNamesList}</arg>
<arg>${tempName}</arg>
<doc>Adds ``values`` to the end of ``list``.</doc>
<status status="PASS" starttime="20220517 11:01:25.266" endtime="20220517 11:01:25.266"/>
</kw>
<status status="PASS" starttime="20220517 11:01:19.653" endtime="20220517 11:01:25.266"/>
</iter>
<iter>
<var name="${i}">2</var>
<kw name="Sleep" library="BuiltIn">
<arg>5s</arg>
<doc>Pauses the test executed for the given time.</doc>
<msg timestamp="20220517 11:01:30.274" level="INFO">Slept 5 seconds</msg>
<status status="PASS" starttime="20220517 11:01:25.266" endtime="20220517 11:01:30.274"/>
</kw>
<kw name="Set Variable" library="BuiltIn">
<var>${temploc_a_add_shop}</var>
<arg>xpath=//div[@id='products']//div[${i}]/div/div/div[2]/div[5]/div[3]/div/div/a</arg>
<doc>Returns the given values which can then be assigned to a variables.</doc>
<msg timestamp="20220517 11:01:30.275" level="INFO">${temploc_a_add_shop} = xpath=//div[@id='products']//div[2]/div/div/div[2]/div[5]/div[3]/div/div/a</msg>
<status status="PASS" starttime="20220517 11:01:30.274" endtime="20220517 11:01:30.275"/>
</kw>
<kw name="Set Variable" library="BuiltIn">
<var>${temploc_h5_name_shop}</var>
<arg>xpath=//div[@id='products']//div[${i}]/div/div/div[2]/div[1]/div[1]/h5</arg>
<doc>Returns the given values which can then be assigned to a variables.</doc>
<msg timestamp="20220517 11:01:30.275" level="INFO">${temploc_h5_name_shop} = xpath=//div[@id='products']//div[2]/div/div/div[2]/div[1]/div[1]/h5</msg>
<status status="PASS" starttime="20220517 11:01:30.275" endtime="20220517 11:01:30.275"/>
</kw>
<kw name="Add Product to Quote" library="Keywords">
<var>${tempName}</var>
<arg>${temploc_a_add_shop}</arg>
<arg>${WAIT}</arg>
<arg>${temploc_h5_name_shop}</arg>
<kw name="Wait Until Element Is Visible" library="SeleniumLibrary">
<arg>${locator}</arg>
<arg>${timeout}</arg>
<doc>Waits until the element ``locator`` is visible.</doc>
<status status="PASS" starttime="20220517 11:01:30.276" endtime="20220517 11:01:30.304"/>
</kw>
<kw name="Click Element" library="SeleniumLibrary">
<arg>${locator}</arg>
<doc>Click the element identified by ``locator``.</doc>
<msg timestamp="20220517 11:01:30.305" level="INFO">Clicking element 'xpath=//div[@id='products']//div[2]/div/div/div[2]/div[5]/div[3]/div/div/a'.</msg>
<status status="PASS" starttime="20220517 11:01:30.305" endtime="20220517 11:01:30.358"/>
</kw>
<kw name="Get Text" library="SeleniumLibrary">
<var>${temp}</var>
<arg>${name}</arg>
<doc>Returns the text value of the element identified by ``locator``.</doc>
<msg timestamp="20220517 11:01:30.394" level="INFO">${temp} = TheraBand Professional Latex Resistance Bands - 5” wide x 50 yards long - Heavy Green</msg>
<status status="PASS" starttime="20220517 11:01:30.358" endtime="20220517 11:01:30.394"/>
</kw>
<kw name="Log To Console" library="BuiltIn">
<arg>Looking for Pop Up, timeout 15s</arg>
<doc>Logs the given message to the console.</doc>
<status status="PASS" starttime="20220517 11:01:30.394" endtime="20220517 11:01:30.394"/>
</kw>
<kw name="Run Keyword And Ignore Error" library="BuiltIn">
<arg>Wait Until Element Is Visible</arg>
<arg>${loc_div_quoteupdatedsuccess_shop}</arg>
<arg>${WAIT}</arg>
<doc>Runs the given keyword with the given arguments and ignores possible error.</doc>
<kw name="Wait Until Element Is Visible" library="SeleniumLibrary">
<arg>${loc_div_quoteupdatedsuccess_shop}</arg>
<arg>${WAIT}</arg>
<doc>Waits until the element ``locator`` is visible.</doc>
<status status="PASS" starttime="20220517 11:01:30.395" endtime="20220517 11:01:30.877"/>
</kw>
<status status="PASS" starttime="20220517 11:01:30.395" endtime="20220517 11:01:30.877"/>
</kw>
<msg timestamp="20220517 11:01:30.877" level="INFO">${tempName} = TheraBand Professional Latex Resistance Bands - 5” wide x 50 yards long - Heavy Green</msg>
<status status="PASS" starttime="20220517 11:01:30.275" endtime="20220517 11:01:30.877"/>
</kw>
<kw name="Append To List" library="Collections">
<arg>${ProductNamesList}</arg>
<arg>${tempName}</arg>
<doc>Adds ``values`` to the end of ``list``.</doc>
<status status="PASS" starttime="20220517 11:01:30.877" endtime="20220517 11:01:30.878"/>
</kw>
<status status="PASS" starttime="20220517 11:01:25.266" endtime="20220517 11:01:30.878"/>
</iter>
<iter>
<var name="${i}">3</var>
<kw name="Sleep" library="BuiltIn">
<arg>5s</arg>
<doc>Pauses the test executed for the given time.</doc>
<msg timestamp="20220517 11:01:35.887" level="INFO">Slept 5 seconds</msg>
<status status="PASS" starttime="20220517 11:01:30.878" endtime="20220517 11:01:35.888"/>
</kw>
<kw name="Set Variable" library="BuiltIn">
<var>${temploc_a_add_shop}</var>
<arg>xpath=//div[@id='products']//div[${i}]/div/div/div[2]/div[5]/div[3]/div/div/a</arg>
<doc>Returns the given values which can then be assigned to a variables.</doc>
<msg timestamp="20220517 11:01:35.891" level="INFO">${temploc_a_add_shop} = xpath=//div[@id='products']//div[3]/div/div/div[2]/div[5]/div[3]/div/div/a</msg>
<status status="PASS" starttime="20220517 11:01:35.889" endtime="20220517 11:01:35.891"/>
</kw>
<kw name="Set Variable" library="BuiltIn">
<var>${temploc_h5_name_shop}</var>
<arg>xpath=//div[@id='products']//div[${i}]/div/div/div[2]/div[1]/div[1]/h5</arg>
<doc>Returns the given values which can then be assigned to a variables.</doc>
<msg timestamp="20220517 11:01:35.893" level="INFO">${temploc_h5_name_shop} = xpath=//div[@id='products']//div[3]/div/div/div[2]/div[1]/div[1]/h5</msg>
<status status="PASS" starttime="20220517 11:01:35.891" endtime="20220517 11:01:35.893"/>
</kw>
<kw name="Add Product to Quote" library="Keywords">
<var>${tempName}</var>
<arg>${temploc_a_add_shop}</arg>
<arg>${WAIT}</arg>
<arg>${temploc_h5_name_shop}</arg>
<kw name="Wait Until Element Is Visible" library="SeleniumLibrary">
<arg>${locator}</arg>
<arg>${timeout}</arg>
<doc>Waits until the element ``locator`` is visible.</doc>
<status status="PASS" starttime="20220517 11:01:35.896" endtime="20220517 11:01:35.937"/>
</kw>
<kw name="Click Element" library="SeleniumLibrary">
<arg>${locator}</arg>
<doc>Click the element identified by ``locator``.</doc>
<msg timestamp="20220517 11:01:35.938" level="INFO">Clicking element 'xpath=//div[@id='products']//div[3]/div/div/div[2]/div[5]/div[3]/div/div/a'.</msg>
<status status="PASS" starttime="20220517 11:01:35.937" endtime="20220517 11:01:35.990"/>
</kw>
<kw name="Get Text" library="SeleniumLibrary">
<var>${temp}</var>
<arg>${name}</arg>
<doc>Returns the text value of the element identified by ``locator``.</doc>
<msg timestamp="20220517 11:01:36.017" level="INFO">${temp} = TheraBand Professional Latex Resistance Bands - 5” wide x 50 yards long - Medium Red</msg>
<status status="PASS" starttime="20220517 11:01:35.990" endtime="20220517 11:01:36.017"/>
</kw>
<kw name="Log To Console" library="BuiltIn">
<arg>Looking for Pop Up, timeout 15s</arg>
<doc>Logs the given message to the console.</doc>
<status status="PASS" starttime="20220517 11:01:36.017" endtime="20220517 11:01:36.017"/>
</kw>
<kw name="Run Keyword And Ignore Error" library="BuiltIn">
<arg>Wait Until Element Is Visible</arg>
<arg>${loc_div_quoteupdatedsuccess_shop}</arg>
<arg>${WAIT}</arg>
<doc>Runs the given keyword with the given arguments and ignores possible error.</doc>
<kw name="Wait Until Element Is Visible" library="SeleniumLibrary">
<arg>${loc_div_quoteupdatedsuccess_shop}</arg>
<arg>${WAIT}</arg>
<doc>Waits until the element ``locator`` is visible.</doc>
<status status="PASS" starttime="20220517 11:01:36.018" endtime="20220517 11:01:36.470"/>
</kw>
<status status="PASS" starttime="20220517 11:01:36.017" endtime="20220517 11:01:36.470"/>
</kw>
<msg timestamp="20220517 11:01:36.471" level="INFO">${tempName} = TheraBand Professional Latex Resistance Bands - 5” wide x 50 yards long - Medium Red</msg>
<status status="PASS" starttime="20220517 11:01:35.893" endtime="20220517 11:01:36.471"/>
</kw>
<kw name="Append To List" library="Collections">
<arg>${ProductNamesList}</arg>
<arg>${tempName}</arg>
<doc>Adds ``values`` to the end of ``list``.</doc>
<status status="PASS" starttime="20220517 11:01:36.471" endtime="20220517 11:01:36.471"/>
</kw>
<status status="PASS" starttime="20220517 11:01:30.878" endtime="20220517 11:01:36.471"/>
</iter>
<iter>
<var name="${i}">4</var>
<kw name="Sleep" library="BuiltIn">
<arg>5s</arg>
<doc>Pauses the test executed for the given time.</doc>
<msg timestamp="20220517 11:01:41.485" level="INFO">Slept 5 seconds</msg>
<status status="PASS" starttime="20220517 11:01:36.471" endtime="20220517 11:01:41.485"/>
</kw>
<kw name="Set Variable" library="BuiltIn">
<var>${temploc_a_add_shop}</var>
<arg>xpath=//div[@id='products']//div[${i}]/div/div/div[2]/div[5]/div[3]/div/div/a</arg>
<doc>Returns the given values which can then be assigned to a variables.</doc>
<msg timestamp="20220517 11:01:41.486" level="INFO">${temploc_a_add_shop} = xpath=//div[@id='products']//div[4]/div/div/div[2]/div[5]/div[3]/div/div/a</msg>
<status status="PASS" starttime="20220517 11:01:41.485" endtime="20220517 11:01:41.486"/>
</kw>
<kw name="Set Variable" library="BuiltIn">
<var>${temploc_h5_name_shop}</var>
<arg>xpath=//div[@id='products']//div[${i}]/div/div/div[2]/div[1]/div[1]/h5</arg>
<doc>Returns the given values which can then be assigned to a variables.</doc>
<msg timestamp="20220517 11:01:41.486" level="INFO">${temploc_h5_name_shop} = xpath=//div[@id='products']//div[4]/div/div/div[2]/div[1]/div[1]/h5</msg>
<status status="PASS" starttime="20220517 11:01:41.486" endtime="20220517 11:01:41.486"/>
</kw>
<kw name="Add Product to Quote" library="Keywords">
<var>${tempName}</var>
<arg>${temploc_a_add_shop}</arg>
<arg>${WAIT}</arg>
<arg>${temploc_h5_name_shop}</arg>
<kw name="Wait Until Element Is Visible" library="SeleniumLibrary">
<arg>${locator}</arg>
<arg>${timeout}</arg>
<doc>Waits until the element ``locator`` is visible.</doc>
<status status="PASS" starttime="20220517 11:01:41.487" endtime="20220517 11:01:41.521"/>
</kw>
<kw name="Click Element" library="SeleniumLibrary">
<arg>${locator}</arg>
<doc>Click the element identified by ``locator``.</doc>
<msg timestamp="20220517 11:01:41.522" level="INFO">Clicking element 'xpath=//div[@id='products']//div[4]/div/div/div[2]/div[5]/div[3]/div/div/a'.</msg>
<status status="PASS" starttime="20220517 11:01:41.522" endtime="20220517 11:01:41.573"/>
</kw>
<kw name="Get Text" library="SeleniumLibrary">
<var>${temp}</var>
<arg>${name}</arg>
<doc>Returns the text value of the element identified by ``locator``.</doc>
<msg timestamp="20220517 11:01:41.602" level="INFO">${temp} = Hydrocollator® Moist Heat HotPac - Cervical</msg>
<status status="PASS" starttime="20220517 11:01:41.574" endtime="20220517 11:01:41.602"/>
</kw>
<kw name="Log To Console" library="BuiltIn">
<arg>Looking for Pop Up, timeout 15s</arg>
<doc>Logs the given message to the console.</doc>
<status status="PASS" starttime="20220517 11:01:41.602" endtime="20220517 11:01:41.602"/>
</kw>
<kw name="Run Keyword And Ignore Error" library="BuiltIn">
<arg>Wait Until Element Is Visible</arg>
<arg>${loc_div_quoteupdatedsuccess_shop}</arg>
<arg>${WAIT}</arg>
<doc>Runs the given keyword with the given arguments and ignores possible error.</doc>
<kw name="Wait Until Element Is Visible" library="SeleniumLibrary">
<arg>${loc_div_quoteupdatedsuccess_shop}</arg>
<arg>${WAIT}</arg>
<doc>Waits until the element ``locator`` is visible.</doc>
<status status="PASS" starttime="20220517 11:01:41.602" endtime="20220517 11:01:42.062"/>
</kw>
<status status="PASS" starttime="20220517 11:01:41.602" endtime="20220517 11:01:42.062"/>
</kw>
<msg timestamp="20220517 11:01:42.062" level="INFO">${tempName} = Hydrocollator® Moist Heat HotPac - Cervical</msg>
<status status="PASS" starttime="20220517 11:01:41.486" endtime="20220517 11:01:42.062"/>
</kw>
<kw name="Append To List" library="Collections">
<arg>${ProductNamesList}</arg>
<arg>${tempName}</arg>
<doc>Adds ``values`` to the end of ``list``.</doc>
<status status="PASS" starttime="20220517 11:01:42.062" endtime="20220517 11:01:42.062"/>
</kw>
<status status="PASS" starttime="20220517 11:01:36.471" endtime="20220517 11:01:42.062"/>
</iter>
<iter>
<var name="${i}">5</var>
<kw name="Sleep" library="BuiltIn">
<arg>5s</arg>
<doc>Pauses the test executed for the given time.</doc>
<msg timestamp="20220517 11:01:47.069" level="INFO">Slept 5 seconds</msg>
<status status="PASS" starttime="20220517 11:01:42.062" endtime="20220517 11:01:47.069"/>
</kw>
<kw name="Set Variable" library="BuiltIn">
<var>${temploc_a_add_shop}</var>
<arg>xpath=//div[@id='products']//div[${i}]/div/div/div[2]/div[5]/div[3]/div/div/a</arg>
<doc>Returns the given values which can then be assigned to a variables.</doc>
<msg timestamp="20220517 11:01:47.069" level="INFO">${temploc_a_add_shop} = xpath=//div[@id='products']//div[5]/div/div/div[2]/div[5]/div[3]/div/div/a</msg>
<status status="PASS" starttime="20220517 11:01:47.069" endtime="20220517 11:01:47.069"/>
</kw>
<kw name="Set Variable" library="BuiltIn">
<var>${temploc_h5_name_shop}</var>
<arg>xpath=//div[@id='products']//div[${i}]/div/div/div[2]/div[1]/div[1]/h5</arg>
<doc>Returns the given values which can then be assigned to a variables.</doc>
<msg timestamp="20220517 11:01:47.070" level="INFO">${temploc_h5_name_shop} = xpath=//div[@id='products']//div[5]/div/div/div[2]/div[1]/div[1]/h5</msg>
<status status="PASS" starttime="20220517 11:01:47.069" endtime="20220517 11:01:47.070"/>
</kw>
<kw name="Add Product to Quote" library="Keywords">
<var>${tempName}</var>
<arg>${temploc_a_add_shop}</arg>
<arg>${WAIT}</arg>
<arg>${temploc_h5_name_shop}</arg>
<kw name="Wait Until Element Is Visible" library="SeleniumLibrary">
<arg>${locator}</arg>
<arg>${timeout}</arg>
<doc>Waits until the element ``locator`` is visible.</doc>
<status status="PASS" starttime="20220517 11:01:47.070" endtime="20220517 11:01:47.100"/>
</kw>
<kw name="Click Element" library="SeleniumLibrary">
<arg>${locator}</arg>
<doc>Click the element identified by ``locator``.</doc>
<msg timestamp="20220517 11:01:47.101" level="INFO">Clicking element 'xpath=//div[@id='products']//div[5]/div/div/div[2]/div[5]/div[3]/div/div/a'.</msg>
<status status="PASS" starttime="20220517 11:01:47.100" endtime="20220517 11:01:47.152"/>
</kw>
<kw name="Get Text" library="SeleniumLibrary">
<var>${temp}</var>
<arg>${name}</arg>
<doc>Returns the text value of the element identified by ``locator``.</doc>
<msg timestamp="20220517 11:01:47.183" level="INFO">${temp} = Chattanooga Hydrocollator Moist Heat Hot Pac Oversize 15" x 24"</msg>
<status status="PASS" starttime="20220517 11:01:47.153" endtime="20220517 11:01:47.183"/>
</kw>
<kw name="Log To Console" library="BuiltIn">
<arg>Looking for Pop Up, timeout 15s</arg>
<doc>Logs the given message to the console.</doc>
<status status="PASS" starttime="20220517 11:01:47.184" endtime="20220517 11:01:47.184"/>
</kw>
<kw name="Run Keyword And Ignore Error" library="BuiltIn">
<arg>Wait Until Element Is Visible</arg>
<arg>${loc_div_quoteupdatedsuccess_shop}</arg>
<arg>${WAIT}</arg>
<doc>Runs the given keyword with the given arguments and ignores possible error.</doc>
<kw name="Wait Until Element Is Visible" library="SeleniumLibrary">
<arg>${loc_div_quoteupdatedsuccess_shop}</arg>
<arg>${WAIT}</arg>
<doc>Waits until the element ``locator`` is visible.</doc>
<status status="PASS" starttime="20220517 11:01:47.185" endtime="20220517 11:01:47.640"/>
</kw>
<status status="PASS" starttime="20220517 11:01:47.184" endtime="20220517 11:01:47.640"/>
</kw>
<msg timestamp="20220517 11:01:47.640" level="INFO">${tempName} = Chattanooga Hydrocollator Moist Heat Hot Pac Oversize 15" x 24"</msg>
<status status="PASS" starttime="20220517 11:01:47.070" endtime="20220517 11:01:47.640"/>
</kw>
<kw name="Append To List" library="Collections">
<arg>${ProductNamesList}</arg>
<arg>${tempName}</arg>
<doc>Adds ``values`` to the end of ``list``.</doc>
<status status="PASS" starttime="20220517 11:01:47.641" endtime="20220517 11:01:47.641"/>
</kw>
<status status="PASS" starttime="20220517 11:01:42.062" endtime="20220517 11:01:47.641"/>
</iter>
<status status="PASS" starttime="20220517 11:01:19.653" endtime="20220517 11:01:47.641"/>
</for>
<msg timestamp="20220517 11:01:47.641" level="INFO">${ProductNames} = ['TheraBand Professional Latex Resistance Bands - 5” wide x 50 yards long - Heavy Blue', 'TheraBand Professional Latex Resistance Bands - 5” wide x 50 yards long - Heavy Green', 'TheraBand Professiona...</msg>
<status status="PASS" starttime="20220517 11:01:19.618" endtime="20220517 11:01:47.641"/>
</kw>
<kw name="Log To Console" library="BuiltIn">
<arg>...Products added to Quote!</arg>
<doc>Logs the given message to the console.</doc>
<status status="PASS" starttime="20220517 11:01:47.641" endtime="20220517 11:01:47.642"/>
</kw>
<kw name="Create Dictionary" library="BuiltIn">
<var>&amp;{templist}</var>
<arg>feature=Quote Creation</arg>
<arg>status=PASSED</arg>
<arg>notes=</arg>
<doc>Creates and returns a dictionary based on the given ``items``.</doc>
<msg timestamp="20220517 11:01:47.642" level="INFO">&amp;{templist} = { feature=Quote Creation | status=PASSED | notes= }</msg>
<status status="PASS" starttime="20220517 11:01:47.642" endtime="20220517 11:01:47.642"/>
</kw>
<kw name="Append To List" library="Collections">
<arg>${RESULTS}</arg>
<arg>${templist}</arg>
<doc>Adds ``values`` to the end of ``list``.</doc>
<status status="PASS" starttime="20220517 11:01:47.642" endtime="20220517 11:01:47.642"/>
</kw>
<kw name="Go To Quote" library="Keywords">
<kw name="Wait Until Element Is Visible" library="SeleniumLibrary">
<arg>${loc_a_quote_navbar}</arg>
<arg>${WAIT}</arg>
<doc>Waits until the element ``locator`` is visible.</doc>
<status status="PASS" starttime="20220517 11:01:47.643" endtime="20220517 11:01:47.667"/>
</kw>
<kw name="Click Element" library="SeleniumLibrary">
<arg>${loc_a_quote_navbar}</arg>
<doc>Click the element identified by ``locator``.</doc>
<msg timestamp="20220517 11:01:47.668" level="INFO">Clicking element 'xpath=//em[@class="icon fas fa-shopping-cart"]'.</msg>
<status status="PASS" starttime="20220517 11:01:47.667" endtime="20220517 11:01:47.748"/>
</kw>
<kw name="Wait Until Element Is Visible" library="SeleniumLibrary">
<arg>${loc_button_viewQuote_navbar}</arg>
<arg>${WAIT}</arg>
<doc>Waits until the element ``locator`` is visible.</doc>
<status status="PASS" starttime="20220517 11:01:47.748" endtime="20220517 11:01:47.789"/>
</kw>
<kw name="Click Element" library="SeleniumLibrary">
<arg>${loc_button_viewQuote_navbar}</arg>
<doc>Click the element identified by ``locator``.</doc>
<msg timestamp="20220517 11:01:47.790" level="INFO">Clicking element 'xpath=//*[contains(text(), "View quote")]'.</msg>
<status status="PASS" starttime="20220517 11:01:47.789" endtime="20220517 11:02:02.515"/>
</kw>
<kw name="Create Dictionary" library="BuiltIn">
<var>&amp;{templist}</var>
<arg>feature=Sidebar Navigation</arg>
<arg>status=PASSED</arg>
<arg>notes=</arg>
<doc>Creates and returns a dictionary based on the given ``items``.</doc>
<msg timestamp="20220517 11:02:02.515" level="INFO">&amp;{templist} = { feature=Sidebar Navigation | status=PASSED | notes= }</msg>
<status status="PASS" starttime="20220517 11:02:02.515" endtime="20220517 11:02:02.515"/>
</kw>
<kw name="Append To List" library="Collections">
<arg>${RESULTS}</arg>
<arg>${templist}</arg>
<doc>Adds ``values`` to the end of ``list``.</doc>
<status status="PASS" starttime="20220517 11:02:02.516" endtime="20220517 11:02:02.516"/>
</kw>
<status status="PASS" starttime="20220517 11:01:47.642" endtime="20220517 11:02:02.516"/>
</kw>
<msg timestamp="20220517 11:02:02.516" level="INFO">${ProductNames} = ['TheraBand Professional Latex Resistance Bands - 5” wide x 50 yards long - Heavy Blue', 'TheraBand Professional Latex Resistance Bands - 5” wide x 50 yards long - Heavy Green', 'TheraBand Professiona...</msg>
<status status="PASS" starttime="20220517 11:01:19.578" endtime="20220517 11:02:02.516"/>
</kw>
<kw name="Create SOR" library="Keywords">
<arg>${ProductNames}</arg>
<kw name="Verify User On Quote Page" library="Keywords">
<kw name="Sleep" library="BuiltIn">
<arg>${WAIT}</arg>
<doc>Pauses the test executed for the given time.</doc>
<msg timestamp="20220517 11:02:10.532" level="INFO">Slept 8 seconds</msg>
<status status="PASS" starttime="20220517 11:02:02.521" endtime="20220517 11:02:10.532"/>
</kw>
<kw name="Wait Until Element Is Visible" library="SeleniumLibrary">
<arg>${loc_h1_header_quote}</arg>
<arg>${WAIT}</arg>
<doc>Waits until the element ``locator`` is visible.</doc>
<status status="PASS" starttime="20220517 11:02:10.532" endtime="20220517 11:02:10.584"/>
</kw>
<status status="PASS" starttime="20220517 11:02:02.519" endtime="20220517 11:02:10.584"/>
</kw>
<kw name="Log To Console" library="BuiltIn">
<arg>Generating Sales Order...</arg>
<doc>Logs the given message to the console.</doc>
<status status="PASS" starttime="20220517 11:02:10.584" endtime="20220517 11:02:10.585"/>
</kw>
<kw name="Sleep" library="BuiltIn">
<arg>${WAIT}</arg>
<doc>Pauses the test executed for the given time.</doc>
<msg timestamp="20220517 11:02:18.594" level="INFO">Slept 8 seconds</msg>
<status status="PASS" starttime="20220517 11:02:10.585" endtime="20220517 11:02:18.594"/>
</kw>
<kw name="Verify And Click Create SOR Button" library="Keywords">
<kw name="Wait Until Element Is Visible" library="SeleniumLibrary">
<arg>${loc_button_createSOR_quote}</arg>
<arg>${WAIT}</arg>
<doc>Waits until the element ``locator`` is visible.</doc>
<status status="PASS" starttime="20220517 11:02:18.595" endtime="20220517 11:02:18.637"/>
</kw>
<kw name="Click Element" library="SeleniumLibrary">
<arg>${loc_button_createSOR_quote}</arg>
<doc>Click the element identified by ``locator``.</doc>
<msg timestamp="20220517 11:02:18.637" level="INFO">Clicking element 'xpath=//button[contains(text(), "Create Sales Order Request")]'.</msg>
<status status="PASS" starttime="20220517 11:02:18.637" endtime="20220517 11:02:18.717"/>
</kw>
<status status="PASS" starttime="20220517 11:02:18.594" endtime="20220517 11:02:18.717"/>
</kw>
<kw name="Verify SOR Modal Is On Page" library="Keywords">
<kw name="Sleep" library="BuiltIn">
<arg>2s</arg>
<doc>Pauses the test executed for the given time.</doc>
<msg timestamp="20220517 11:02:20.729" level="INFO">Slept 2 seconds</msg>
<status status="PASS" starttime="20220517 11:02:18.717" endtime="20220517 11:02:20.729"/>
</kw>
<kw name="Log To Console" library="BuiltIn">
<arg>Searching Modal ...</arg>
<doc>Logs the given message to the console.</doc>
<status status="PASS" starttime="20220517 11:02:20.729" endtime="20220517 11:02:20.730"/>
</kw>
<kw name="Wait Until Element Is Visible" library="SeleniumLibrary">
<arg>xpath=//div[@class="panel-body"]</arg>
<arg>${WAIT}</arg>
<doc>Waits until the element ``locator`` is visible.</doc>
<status status="PASS" starttime="20220517 11:02:20.730" endtime="20220517 11:02:20.767"/>
</kw>
<kw name="Wait Until Element Is Visible" library="SeleniumLibrary">
<arg>xpath=//div[@id="viewcreatesorequestmodal"]</arg>
<arg>${WAIT}</arg>
<doc>Waits until the element ``locator`` is visible.</doc>
<status status="PASS" starttime="20220517 11:02:20.767" endtime="20220517 11:02:20.798"/>
</kw>
<kw name="Wait Until Element Is Visible" library="SeleniumLibrary">
<arg>xpath=//div[@id="viewcreatesorequestmodal"]//div/div/div</arg>
<arg>${WAIT}</arg>
<doc>Waits until the element ``locator`` is visible.</doc>
<status status="PASS" starttime="20220517 11:02:20.798" endtime="20220517 11:02:20.829"/>
</kw>
<status status="PASS" starttime="20220517 11:02:18.717" endtime="20220517 11:02:20.829"/>
</kw>
<kw name="Select Location On Modal Dropdown" library="Keywords">
<kw name="Verify Location Dropdown Is On Modal Block" library="Keywords">
<kw name="Wait Until Element Is Visible" library="SeleniumLibrary">
<arg>${loc_input_location_modal}</arg>
<arg>${WAIT}</arg>
<doc>Waits until the element ``locator`` is visible.</doc>
<status status="PASS" starttime="20220517 11:02:20.830" endtime="20220517 11:02:20.854"/>
</kw>
<status status="PASS" starttime="20220517 11:02:20.830" endtime="20220517 11:02:20.854"/>
</kw>
<kw name="Wait Until Page Contains Element" library="SeleniumLibrary">
<arg>${loc_div_content_modal}</arg>
<doc>Waits until the element ``locator`` appears on the current page.</doc>
<status status="PASS" starttime="20220517 11:02:20.854" endtime="20220517 11:02:20.873"/>
</kw>
<kw name="Wait Until Page Contains Element" library="SeleniumLibrary">
<arg>${loc_input_pickLocation_modal}</arg>
<doc>Waits until the element ``locator`` appears on the current page.</doc>
<status status="PASS" starttime="20220517 11:02:20.873" endtime="20220517 11:02:20.894"/>
</kw>
<kw name="Sleep" library="BuiltIn">
<arg>5s</arg>
<doc>Pauses the test executed for the given time.</doc>
<msg timestamp="20220517 11:02:25.898" level="INFO">Slept 5 seconds</msg>
<status status="PASS" starttime="20220517 11:02:20.894" endtime="20220517 11:02:25.898"/>
</kw>
<kw name="Set Focus To Element" library="SeleniumLibrary">
<arg>${loc_input_pickLocation_modal}</arg>
<doc>Sets the focus to the element identified by ``locator``.</doc>
<status status="PASS" starttime="20220517 11:02:25.898" endtime="20220517 11:02:25.944"/>
</kw>
<kw name="Input Text" library="SeleniumLibrary">
<arg>${loc_input_pickLocation_modal}</arg>
<arg>PPE</arg>
<doc>Types the given ``text`` into the text field identified by ``locator``.</doc>
<msg timestamp="20220517 11:02:25.944" level="INFO">Typing text 'PPE' into text field 'xpath=//div[@class='modal-content']//div[2]/div/div[2]/div/div[2]/input'.</msg>
<status status="PASS" starttime="20220517 11:02:25.944" endtime="20220517 11:02:26.041"/>
</kw>
<kw name="Wait Until Element Is Visible" library="SeleniumLibrary">
<arg>${loc_span_selectedLocation_modal}</arg>
<doc>Waits until the element ``locator`` is visible.</doc>
<status status="PASS" starttime="20220517 11:02:26.042" endtime="20220517 11:02:26.075"/>
</kw>
<kw name="Sleep" library="BuiltIn">
<arg>${WAIT}</arg>
<doc>Pauses the test executed for the given time.</doc>
<msg timestamp="20220517 11:02:34.091" level="INFO">Slept 8 seconds</msg>
<status status="PASS" starttime="20220517 11:02:26.075" endtime="20220517 11:02:34.091"/>
</kw>
<kw name="Wait Until Keyword Succeeds" library="BuiltIn">
<arg>30s</arg>
<arg>2s</arg>
<arg>Click Element</arg>
<arg>${loc_span_selectedLocation_modal}</arg>
<doc>Runs the specified keyword and retries if it fails.</doc>
<kw name="Click Element" library="SeleniumLibrary">
<arg>${loc_span_selectedLocation_modal}</arg>
<doc>Click the element identified by ``locator``.</doc>
<msg timestamp="20220517 11:02:34.092" level="INFO">Clicking element 'xpath=//div[@class='modal-content']//div[2]/div/div[2]/div/div[3]/ul/li/span'.</msg>
<status status="PASS" starttime="20220517 11:02:34.092" endtime="20220517 11:02:34.358"/>
</kw>
<status status="PASS" starttime="20220517 11:02:34.091" endtime="20220517 11:02:34.358"/>
</kw>
<kw name="Wait Until Element Is Visible" library="SeleniumLibrary">
<arg>${loc_label_billing_modal}</arg>
<arg>${WAIT}</arg>
<doc>Waits until the element ``locator`` is visible.</doc>
<status status="PASS" starttime="20220517 11:02:34.358" endtime="20220517 11:02:34.423"/>
</kw>
<status status="PASS" starttime="20220517 11:02:20.829" endtime="20220517 11:02:34.424"/>
</kw>
<kw name="Run Keyword And Ignore Error" library="BuiltIn">
<arg>Close PHP Debug Bar</arg>
<doc>Runs the given keyword with the given arguments and ignores possible error.</doc>
<kw name="Close PHP Debug Bar" library="Keywords">
<kw name="Wait Until Element Is Visible" library="SeleniumLibrary">
<arg>${loc_a_close_phpdebug}</arg>
<arg>${WAIT}</arg>
<doc>Waits until the element ``locator`` is visible.</doc>
<status status="PASS" starttime="20220517 11:02:34.424" endtime="20220517 11:02:34.467"/>
</kw>
<kw name="Click Element" library="SeleniumLibrary">
<arg>${loc_a_close_phpdebug}</arg>
<doc>Click the element identified by ``locator``.</doc>
<msg timestamp="20220517 11:02:34.467" level="INFO">Clicking element 'css=a.phpdebugbar-close-btn'.</msg>
<status status="PASS" starttime="20220517 11:02:34.467" endtime="20220517 11:02:34.655"/>
</kw>
<status status="PASS" starttime="20220517 11:02:34.424" endtime="20220517 11:02:34.656"/>
</kw>
<status status="PASS" starttime="20220517 11:02:34.424" endtime="20220517 11:02:34.656"/>
</kw>
<kw name="Click Create SOR Button On Modal" library="Keywords">
<kw name="Wait Until Keyword Succeeds" library="BuiltIn">
<arg>60s</arg>
<arg>2s</arg>
<arg>Scroll Element Into View</arg>
<arg>${loc_button_create_modal}</arg>
<doc>Runs the specified keyword and retries if it fails.</doc>
<kw name="Scroll Element Into View" library="SeleniumLibrary">
<arg>${loc_button_create_modal}</arg>
<doc>Scrolls the element identified by ``locator`` into view.</doc>
<status status="PASS" starttime="20220517 11:02:34.657" endtime="20220517 11:02:35.104"/>
</kw>
<status status="PASS" starttime="20220517 11:02:34.657" endtime="20220517 11:02:35.104"/>
</kw>
<kw name="Wait Until Element Is Visible" library="SeleniumLibrary">
<arg>${loc_button_create_modal}</arg>
<arg>${WAIT}</arg>
<doc>Waits until the element ``locator`` is visible.</doc>
<status status="PASS" starttime="20220517 11:02:35.104" endtime="20220517 11:02:35.138"/>
</kw>
<kw name="Wait Until Keyword Succeeds" library="BuiltIn">
<arg>60s</arg>
<arg>2s</arg>
<arg>Click Element</arg>
<arg>${loc_button_create_modal}</arg>
<doc>Runs the specified keyword and retries if it fails.</doc>
<kw name="Click Element" library="SeleniumLibrary">
<arg>${loc_button_create_modal}</arg>
<doc>Click the element identified by ``locator``.</doc>
<msg timestamp="20220517 11:02:35.139" level="INFO">Clicking element 'xpath=//div[@class='col-sm-6']//button[2]'.</msg>
<status status="PASS" starttime="20220517 11:02:35.138" endtime="20220517 11:02:35.292"/>
</kw>
<status status="PASS" starttime="20220517 11:02:35.138" endtime="20220517 11:02:35.292"/>
</kw>
<status status="PASS" starttime="20220517 11:02:34.656" endtime="20220517 11:02:35.293"/>
</kw>
<kw name="Verify Pop Up On Page" library="Keywords">
<kw name="Log To Console" library="BuiltIn">
<arg>Looking for pop up, timeout 15s</arg>
<doc>Logs the given message to the console.</doc>
<status status="PASS" starttime="20220517 11:02:35.293" endtime="20220517 11:02:35.294"/>
</kw>
<kw name="Run Keyword And Return Status" library="BuiltIn">
<arg>Wait Until Element Is Visible</arg>
<arg>${loc_div_quoteupdatedsuccess_shop}</arg>
<arg>${WAIT}</arg>
<doc>Runs the given keyword with given arguments and returns the status as a Boolean value.</doc>
<kw name="Wait Until Element Is Visible" library="SeleniumLibrary">
<arg>${loc_div_quoteupdatedsuccess_shop}</arg>
<arg>${WAIT}</arg>
<doc>Waits until the element ``locator`` is visible.</doc>
<msg timestamp="20220517 11:02:48.016" level="INFO" html="true">&lt;/td&gt;&lt;/tr&gt;&lt;tr&gt;&lt;td colspan="3"&gt;&lt;a href="selenium-screenshot-1.png"&gt;&lt;img src="selenium-screenshot-1.png" width="800px"&gt;&lt;/a&gt;</msg>
<msg timestamp="20220517 11:02:48.017" level="FAIL">Element 'css=div.bkmtech-toasted-success' not visible after 8 seconds.</msg>
<status status="FAIL" starttime="20220517 11:02:35.295" endtime="20220517 11:02:48.025"/>
</kw>
<status status="PASS" starttime="20220517 11:02:35.294" endtime="20220517 11:02:48.026"/>
</kw>
<status status="PASS" starttime="20220517 11:02:35.293" endtime="20220517 11:02:48.026"/>
</kw>
<kw name="Sleep" library="BuiltIn">
<arg>${WAIT}</arg>
<doc>Pauses the test executed for the given time.</doc>
<msg timestamp="20220517 11:02:56.027" level="INFO">Slept 8 seconds</msg>
<status status="PASS" starttime="20220517 11:02:48.026" endtime="20220517 11:02:56.027"/>
</kw>
<kw name="Wait Until Element Is Visible" library="SeleniumLibrary">
<arg>${loc_h1_title_sor}</arg>
<arg>${WAIT}</arg>
<doc>Waits until the element ``locator`` is visible.</doc>
<status status="PASS" starttime="20220517 11:02:56.027" endtime="20220517 11:02:56.062"/>
</kw>
<kw name="Log To Console" library="BuiltIn">
<arg>...Sales Order Generated!</arg>
<doc>Logs the given message to the console.</doc>
<status status="PASS" starttime="20220517 11:02:56.063" endtime="20220517 11:02:56.063"/>
</kw>
<kw name="Create Dictionary" library="BuiltIn">
<var>&amp;{templist}</var>
<arg>feature=Sales Order Generation</arg>
<arg>status=PASSED</arg>
<arg>notes=</arg>
<doc>Creates and returns a dictionary based on the given ``items``.</doc>
<msg timestamp="20220517 11:02:56.064" level="INFO">&amp;{templist} = { feature=Sales Order Generation | status=PASSED | notes= }</msg>
<status status="PASS" starttime="20220517 11:02:56.063" endtime="20220517 11:02:56.064"/>
</kw>
<kw name="Append To List" library="Collections">
<arg>${RESULTS}</arg>
<arg>${templist}</arg>
<doc>Adds ``values`` to the end of ``list``.</doc>
<status status="PASS" starttime="20220517 11:02:56.064" endtime="20220517 11:02:56.064"/>
</kw>
<status status="PASS" starttime="20220517 11:02:02.517" endtime="20220517 11:02:56.064"/>
</kw>
<kw name="Create Dictionary" library="BuiltIn">
<var>&amp;{DICT}</var>
<arg>Environment=${ENV}</arg>
<doc>Creates and returns a dictionary based on the given ``items``.</doc>
<msg timestamp="20220517 11:02:56.065" level="INFO">&amp;{DICT} = { Environment=Test }</msg>
<status status="PASS" starttime="20220517 11:02:56.065" endtime="20220517 11:02:56.065"/>
</kw>
<kw name="Set To Dictionary" library="Collections">
<arg>${DICT}</arg>
<arg>Data=${RESULTS}</arg>
<doc>Adds the given ``key_value_pairs`` and ``items`` to the ``dictionary``.</doc>
<status status="PASS" starttime="20220517 11:02:56.066" endtime="20220517 11:02:56.066"/>
</kw>
<kw name="Create List" library="BuiltIn">
<var>@{DATA}</var>
<arg>${DICT}</arg>
<doc>Returns a list containing given items.</doc>
<msg timestamp="20220517 11:02:56.066" level="INFO">@{DATA} = [ {'Environment': 'Test', 'Data': ['', {'feature': 'Login', 'status': 'PASSED', 'notes': ''}, {'feature': 'Quote Creation', 'status': 'PASSED', 'notes': ''}, {'feature': 'Sidebar Navigation', 'status'...</msg>
<status status="PASS" starttime="20220517 11:02:56.066" endtime="20220517 11:02:56.067"/>
</kw>
<kw name="Log To Console" library="BuiltIn">
<arg>${DATA}</arg>
<doc>Logs the given message to the console.</doc>
<status status="PASS" starttime="20220517 11:02:56.067" endtime="20220517 11:02:56.068"/>
</kw>
<kw name="Send Mail No Attachment" library="sendemail">
<arg>${SMTP_SERVER}</arg>
<arg>${SMTP_USER}</arg>
<arg>${SMTP_PSWD}</arg>
<arg>${TO}</arg>
<arg>${SUBJECT}</arg>
<arg>${DATA}</arg>
<status status="PASS" starttime="20220517 11:02:56.068" endtime="20220517 11:02:58.472"/>
</kw>
<tag>Fulfillment</tag>
<status status="PASS" starttime="20220517 11:00:53.430" endtime="20220517 11:02:58.473"/>
</test>
<test id="s1-s1-t2" name="Bug Fix Truequote #182064416" line="39">
<kw name="Go To Shop Page" library="Keywords">
<kw name="Log To Console" library="BuiltIn">
<arg>Navigating to Shop Screen</arg>
<doc>Logs the given message to the console.</doc>
<status status="PASS" starttime="20220517 11:02:58.475" endtime="20220517 11:02:58.476"/>
</kw>
<kw name="Wait Until Element Is Visible" library="SeleniumLibrary">
<arg>${loc_span_shop_sidebar}</arg>
<arg>${WAIT}</arg>
<doc>Waits until the element ``locator`` is visible.</doc>
<status status="PASS" starttime="20220517 11:02:58.476" endtime="20220517 11:02:58.515"/>
</kw>
<kw name="Click Element" library="SeleniumLibrary">
<arg>${loc_span_shop_sidebar}</arg>
<doc>Click the element identified by ``locator``.</doc>
<msg timestamp="20220517 11:02:58.516" level="INFO">Clicking element 'xpath=//*[contains(text(),'Shop')]'.</msg>
<status status="PASS" starttime="20220517 11:02:58.515" endtime="20220517 11:03:03.396"/>
</kw>
<kw name="Sleep" library="BuiltIn">
<arg>${WAIT}</arg>
<doc>Pauses the test executed for the given time.</doc>
<msg timestamp="20220517 11:03:11.398" level="INFO">Slept 8 seconds</msg>
<status status="PASS" starttime="20220517 11:03:03.396" endtime="20220517 11:03:11.398"/>
</kw>
<status status="PASS" starttime="20220517 11:02:58.475" endtime="20220517 11:03:11.398"/>
</kw>
<kw name="Add Products To Quote And Save Quote" library="Keywords">
<var>${ProductNames}</var>
<kw name="Log To Console" library="BuiltIn">
<arg>Adding Products to Quote...</arg>
<doc>Logs the given message to the console.</doc>
<status status="PASS" starttime="20220517 11:03:11.400" endtime="20220517 11:03:11.401"/>
</kw>
<kw name="Wait Until Page Contains Element" library="SeleniumLibrary">
<arg>${loc_div_hidden_shop}</arg>
<arg>${WAIT}</arg>
<doc>Waits until the element ``locator`` appears on the current page.</doc>
<status status="PASS" starttime="20220517 11:03:11.401" endtime="20220517 11:03:11.435"/>
</kw>
<kw name="Add First Five Products To Quote" library="Keywords">
<var>${ProductNames}</var>
<kw name="Wait Until Element Is Visible" library="SeleniumLibrary">
<arg>${loc_a_add1stProduct_shop}</arg>
<arg>40s</arg>
<doc>Waits until the element ``locator`` is visible.</doc>
<status status="PASS" starttime="20220517 11:03:11.436" endtime="20220517 11:03:11.464"/>
</kw>
<kw name="Create List" library="BuiltIn">
<var>@{ProductNamesList}</var>
<doc>Returns a list containing given items.</doc>
<msg timestamp="20220517 11:03:11.465" level="INFO">@{ProductNamesList} = [ ]</msg>
<status status="PASS" starttime="20220517 11:03:11.464" endtime="20220517 11:03:11.465"/>
</kw>
<for flavor="IN RANGE">
<var>${i}</var>
<value>1</value>
<value>6</value>
<iter>
<var name="${i}">1</var>
<kw name="Sleep" library="BuiltIn">
<arg>5s</arg>
<doc>Pauses the test executed for the given time.</doc>
<msg timestamp="20220517 11:03:16.480" level="INFO">Slept 5 seconds</msg>
<status status="PASS" starttime="20220517 11:03:11.465" endtime="20220517 11:03:16.480"/>
</kw>
<kw name="Set Variable" library="BuiltIn">
<var>${temploc_a_add_shop}</var>
<arg>xpath=//div[@id='products']//div[${i}]/div/div/div[2]/div[5]/div[3]/div/div/a</arg>
<doc>Returns the given values which can then be assigned to a variables.</doc>
<msg timestamp="20220517 11:03:16.480" level="INFO">${temploc_a_add_shop} = xpath=//div[@id='products']//div[1]/div/div/div[2]/div[5]/div[3]/div/div/a</msg>
<status status="PASS" starttime="20220517 11:03:16.480" endtime="20220517 11:03:16.480"/>
</kw>
<kw name="Set Variable" library="BuiltIn">
<var>${temploc_h5_name_shop}</var>
<arg>xpath=//div[@id='products']//div[${i}]/div/div/div[2]/div[1]/div[1]/h5</arg>
<doc>Returns the given values which can then be assigned to a variables.</doc>
<msg timestamp="20220517 11:03:16.480" level="INFO">${temploc_h5_name_shop} = xpath=//div[@id='products']//div[1]/div/div/div[2]/div[1]/div[1]/h5</msg>
<status status="PASS" starttime="20220517 11:03:16.480" endtime="20220517 11:03:16.481"/>
</kw>
<kw name="Add Product to Quote" library="Keywords">
<var>${tempName}</var>
<arg>${temploc_a_add_shop}</arg>
<arg>${WAIT}</arg>
<arg>${temploc_h5_name_shop}</arg>
<kw name="Wait Until Element Is Visible" library="SeleniumLibrary">
<arg>${locator}</arg>
<arg>${timeout}</arg>
<doc>Waits until the element ``locator`` is visible.</doc>
<status status="PASS" starttime="20220517 11:03:16.481" endtime="20220517 11:03:16.514"/>
</kw>
<kw name="Click Element" library="SeleniumLibrary">
<arg>${locator}</arg>
<doc>Click the element identified by ``locator``.</doc>
<msg timestamp="20220517 11:03:16.514" level="INFO">Clicking element 'xpath=//div[@id='products']//div[1]/div/div/div[2]/div[5]/div[3]/div/div/a'.</msg>
<status status="PASS" starttime="20220517 11:03:16.514" endtime="20220517 11:03:16.607"/>
</kw>
<kw name="Get Text" library="SeleniumLibrary">
<var>${temp}</var>
<arg>${name}</arg>
<doc>Returns the text value of the element identified by ``locator``.</doc>
<msg timestamp="20220517 11:03:16.649" level="INFO">${temp} = TheraBand Professional Latex Resistance Bands - 5” wide x 50 yards long - Heavy Blue</msg>
<status status="PASS" starttime="20220517 11:03:16.608" endtime="20220517 11:03:16.649"/>
</kw>
<kw name="Log To Console" library="BuiltIn">
<arg>Looking for Pop Up, timeout 15s</arg>
<doc>Logs the given message to the console.</doc>
<status status="PASS" starttime="20220517 11:03:16.649" endtime="20220517 11:03:16.649"/>
</kw>
<kw name="Run Keyword And Ignore Error" library="BuiltIn">
<arg>Wait Until Element Is Visible</arg>
<arg>${loc_div_quoteupdatedsuccess_shop}</arg>
<arg>${WAIT}</arg>
<doc>Runs the given keyword with the given arguments and ignores possible error.</doc>
<kw name="Wait Until Element Is Visible" library="SeleniumLibrary">
<arg>${loc_div_quoteupdatedsuccess_shop}</arg>
<arg>${WAIT}</arg>
<doc>Waits until the element ``locator`` is visible.</doc>
<status status="PASS" starttime="20220517 11:03:16.650" endtime="20220517 11:03:17.108"/>
</kw>
<status status="PASS" starttime="20220517 11:03:16.650" endtime="20220517 11:03:17.108"/>
</kw>
<msg timestamp="20220517 11:03:17.108" level="INFO">${tempName} = TheraBand Professional Latex Resistance Bands - 5” wide x 50 yards long - Heavy Blue</msg>
<status status="PASS" starttime="20220517 11:03:16.481" endtime="20220517 11:03:17.108"/>
</kw>
<kw name="Append To List" library="Collections">
<arg>${ProductNamesList}</arg>
<arg>${tempName}</arg>
<doc>Adds ``values`` to the end of ``list``.</doc>
<status status="PASS" starttime="20220517 11:03:17.109" endtime="20220517 11:03:17.109"/>
</kw>
<status status="PASS" starttime="20220517 11:03:11.465" endtime="20220517 11:03:17.109"/>
</iter>
<iter>
<var name="${i}">2</var>
<kw name="Sleep" library="BuiltIn">
<arg>5s</arg>
<doc>Pauses the test executed for the given time.</doc>
<msg timestamp="20220517 11:03:22.119" level="INFO">Slept 5 seconds</msg>
<status status="PASS" starttime="20220517 11:03:17.110" endtime="20220517 11:03:22.119"/>
</kw>
<kw name="Set Variable" library="BuiltIn">
<var>${temploc_a_add_shop}</var>
<arg>xpath=//div[@id='products']//div[${i}]/div/div/div[2]/div[5]/div[3]/div/div/a</arg>
<doc>Returns the given values which can then be assigned to a variables.</doc>
<msg timestamp="20220517 11:03:22.120" level="INFO">${temploc_a_add_shop} = xpath=//div[@id='products']//div[2]/div/div/div[2]/div[5]/div[3]/div/div/a</msg>
<status status="PASS" starttime="20220517 11:03:22.119" endtime="20220517 11:03:22.120"/>
</kw>
<kw name="Set Variable" library="BuiltIn">
<var>${temploc_h5_name_shop}</var>
<arg>xpath=//div[@id='products']//div[${i}]/div/div/div[2]/div[1]/div[1]/h5</arg>
<doc>Returns the given values which can then be assigned to a variables.</doc>
<msg timestamp="20220517 11:03:22.120" level="INFO">${temploc_h5_name_shop} = xpath=//div[@id='products']//div[2]/div/div/div[2]/div[1]/div[1]/h5</msg>
<status status="PASS" starttime="20220517 11:03:22.120" endtime="20220517 11:03:22.120"/>
</kw>
<kw name="Add Product to Quote" library="Keywords">
<var>${tempName}</var>
<arg>${temploc_a_add_shop}</arg>
<arg>${WAIT}</arg>
<arg>${temploc_h5_name_shop}</arg>
<kw name="Wait Until Element Is Visible" library="SeleniumLibrary">
<arg>${locator}</arg>
<arg>${timeout}</arg>
<doc>Waits until the element ``locator`` is visible.</doc>
<status status="PASS" starttime="20220517 11:03:22.121" endtime="20220517 11:03:22.156"/>
</kw>
<kw name="Click Element" library="SeleniumLibrary">
<arg>${locator}</arg>
<doc>Click the element identified by ``locator``.</doc>
<msg timestamp="20220517 11:03:22.157" level="INFO">Clicking element 'xpath=//div[@id='products']//div[2]/div/div/div[2]/div[5]/div[3]/div/div/a'.</msg>
<status status="PASS" starttime="20220517 11:03:22.156" endtime="20220517 11:03:22.209"/>
</kw>
<kw name="Get Text" library="SeleniumLibrary">
<var>${temp}</var>
<arg>${name}</arg>
<doc>Returns the text value of the element identified by ``locator``.</doc>
<msg timestamp="20220517 11:03:22.238" level="INFO">${temp} = TheraBand Professional Latex Resistance Bands - 5” wide x 50 yards long - Heavy Green</msg>
<status status="PASS" starttime="20220517 11:03:22.209" endtime="20220517 11:03:22.238"/>
</kw>
<kw name="Log To Console" library="BuiltIn">
<arg>Looking for Pop Up, timeout 15s</arg>
<doc>Logs the given message to the console.</doc>
<status status="PASS" starttime="20220517 11:03:22.238" endtime="20220517 11:03:22.238"/>
</kw>
<kw name="Run Keyword And Ignore Error" library="BuiltIn">
<arg>Wait Until Element Is Visible</arg>
<arg>${loc_div_quoteupdatedsuccess_shop}</arg>
<arg>${WAIT}</arg>
<doc>Runs the given keyword with the given arguments and ignores possible error.</doc>
<kw name="Wait Until Element Is Visible" library="SeleniumLibrary">
<arg>${loc_div_quoteupdatedsuccess_shop}</arg>
<arg>${WAIT}</arg>
<doc>Waits until the element ``locator`` is visible.</doc>
<status status="PASS" starttime="20220517 11:03:22.239" endtime="20220517 11:03:22.706"/>
</kw>
<status status="PASS" starttime="20220517 11:03:22.239" endtime="20220517 11:03:22.706"/>
</kw>
<msg timestamp="20220517 11:03:22.706" level="INFO">${tempName} = TheraBand Professional Latex Resistance Bands - 5” wide x 50 yards long - Heavy Green</msg>
<status status="PASS" starttime="20220517 11:03:22.120" endtime="20220517 11:03:22.706"/>
</kw>
<kw name="Append To List" library="Collections">
<arg>${ProductNamesList}</arg>
<arg>${tempName}</arg>
<doc>Adds ``values`` to the end of ``list``.</doc>
<status status="PASS" starttime="20220517 11:03:22.706" endtime="20220517 11:03:22.707"/>
</kw>
<status status="PASS" starttime="20220517 11:03:17.109" endtime="20220517 11:03:22.707"/>
</iter>
<iter>
<var name="${i}">3</var>
<kw name="Sleep" library="BuiltIn">
<arg>5s</arg>
<doc>Pauses the test executed for the given time.</doc>
<msg timestamp="20220517 11:03:27.723" level="INFO">Slept 5 seconds</msg>
<status status="PASS" starttime="20220517 11:03:22.707" endtime="20220517 11:03:27.723"/>
</kw>
<kw name="Set Variable" library="BuiltIn">
<var>${temploc_a_add_shop}</var>
<arg>xpath=//div[@id='products']//div[${i}]/div/div/div[2]/div[5]/div[3]/div/div/a</arg>
<doc>Returns the given values which can then be assigned to a variables.</doc>
<msg timestamp="20220517 11:03:27.724" level="INFO">${temploc_a_add_shop} = xpath=//div[@id='products']//div[3]/div/div/div[2]/div[5]/div[3]/div/div/a</msg>
<status status="PASS" starttime="20220517 11:03:27.723" endtime="20220517 11:03:27.724"/>
</kw>
<kw name="Set Variable" library="BuiltIn">
<var>${temploc_h5_name_shop}</var>
<arg>xpath=//div[@id='products']//div[${i}]/div/div/div[2]/div[1]/div[1]/h5</arg>
<doc>Returns the given values which can then be assigned to a variables.</doc>
<msg timestamp="20220517 11:03:27.724" level="INFO">${temploc_h5_name_shop} = xpath=//div[@id='products']//div[3]/div/div/div[2]/div[1]/div[1]/h5</msg>
<status status="PASS" starttime="20220517 11:03:27.724" endtime="20220517 11:03:27.724"/>
</kw>
<kw name="Add Product to Quote" library="Keywords">
<var>${tempName}</var>
<arg>${temploc_a_add_shop}</arg>
<arg>${WAIT}</arg>
<arg>${temploc_h5_name_shop}</arg>
<kw name="Wait Until Element Is Visible" library="SeleniumLibrary">
<arg>${locator}</arg>
<arg>${timeout}</arg>
<doc>Waits until the element ``locator`` is visible.</doc>
<status status="PASS" starttime="20220517 11:03:27.725" endtime="20220517 11:03:27.760"/>
</kw>
<kw name="Click Element" library="SeleniumLibrary">
<arg>${locator}</arg>
<doc>Click the element identified by ``locator``.</doc>
<msg timestamp="20220517 11:03:27.760" level="INFO">Clicking element 'xpath=//div[@id='products']//div[3]/div/div/div[2]/div[5]/div[3]/div/div/a'.</msg>
<status status="PASS" starttime="20220517 11:03:27.760" endtime="20220517 11:03:27.809"/>
</kw>
<kw name="Get Text" library="SeleniumLibrary">
<var>${temp}</var>
<arg>${name}</arg>
<doc>Returns the text value of the element identified by ``locator``.</doc>
<msg timestamp="20220517 11:03:27.837" level="INFO">${temp} = TheraBand Professional Latex Resistance Bands - 5” wide x 50 yards long - Medium Red</msg>
<status status="PASS" starttime="20220517 11:03:27.809" endtime="20220517 11:03:27.838"/>
</kw>
<kw name="Log To Console" library="BuiltIn">
<arg>Looking for Pop Up, timeout 15s</arg>
<doc>Logs the given message to the console.</doc>
<status status="PASS" starttime="20220517 11:03:27.838" endtime="20220517 11:03:27.838"/>
</kw>
<kw name="Run Keyword And Ignore Error" library="BuiltIn">
<arg>Wait Until Element Is Visible</arg>
<arg>${loc_div_quoteupdatedsuccess_shop}</arg>
<arg>${WAIT}</arg>
<doc>Runs the given keyword with the given arguments and ignores possible error.</doc>
<kw name="Wait Until Element Is Visible" library="SeleniumLibrary">
<arg>${loc_div_quoteupdatedsuccess_shop}</arg>
<arg>${WAIT}</arg>
<doc>Waits until the element ``locator`` is visible.</doc>
<status status="PASS" starttime="20220517 11:03:27.839" endtime="20220517 11:03:28.298"/>
</kw>
<status status="PASS" starttime="20220517 11:03:27.838" endtime="20220517 11:03:28.298"/>
</kw>
<msg timestamp="20220517 11:03:28.298" level="INFO">${tempName} = TheraBand Professional Latex Resistance Bands - 5” wide x 50 yards long - Medium Red</msg>
<status status="PASS" starttime="20220517 11:03:27.724" endtime="20220517 11:03:28.298"/>
</kw>
<kw name="Append To List" library="Collections">
<arg>${ProductNamesList}</arg>
<arg>${tempName}</arg>
<doc>Adds ``values`` to the end of ``list``.</doc>
<status status="PASS" starttime="20220517 11:03:28.298" endtime="20220517 11:03:28.298"/>
</kw>
<status status="PASS" starttime="20220517 11:03:22.707" endtime="20220517 11:03:28.298"/>
</iter>
<iter>
<var name="${i}">4</var>
<kw name="Sleep" library="BuiltIn">
<arg>5s</arg>
<doc>Pauses the test executed for the given time.</doc>
<msg timestamp="20220517 11:03:33.305" level="INFO">Slept 5 seconds</msg>
<status status="PASS" starttime="20220517 11:03:28.300" endtime="20220517 11:03:33.305"/>
</kw>
<kw name="Set Variable" library="BuiltIn">
<var>${temploc_a_add_shop}</var>
<arg>xpath=//div[@id='products']//div[${i}]/div/div/div[2]/div[5]/div[3]/div/div/a</arg>
<doc>Returns the given values which can then be assigned to a variables.</doc>
<msg timestamp="20220517 11:03:33.306" level="INFO">${temploc_a_add_shop} = xpath=//div[@id='products']//div[4]/div/div/div[2]/div[5]/div[3]/div/div/a</msg>
<status status="PASS" starttime="20220517 11:03:33.305" endtime="20220517 11:03:33.306"/>
</kw>
<kw name="Set Variable" library="BuiltIn">
<var>${temploc_h5_name_shop}</var>
<arg>xpath=//div[@id='products']//div[${i}]/div/div/div[2]/div[1]/div[1]/h5</arg>
<doc>Returns the given values which can then be assigned to a variables.</doc>
<msg timestamp="20220517 11:03:33.308" level="INFO">${temploc_h5_name_shop} = xpath=//div[@id='products']//div[4]/div/div/div[2]/div[1]/div[1]/h5</msg>
<status status="PASS" starttime="20220517 11:03:33.307" endtime="20220517 11:03:33.308"/>
</kw>
<kw name="Add Product to Quote" library="Keywords">
<var>${tempName}</var>
<arg>${temploc_a_add_shop}</arg>
<arg>${WAIT}</arg>
<arg>${temploc_h5_name_shop}</arg>
<kw name="Wait Until Element Is Visible" library="SeleniumLibrary">
<arg>${locator}</arg>
<arg>${timeout}</arg>
<doc>Waits until the element ``locator`` is visible.</doc>
<status status="PASS" starttime="20220517 11:03:33.310" endtime="20220517 11:03:33.351"/>
</kw>
<kw name="Click Element" library="SeleniumLibrary">
<arg>${locator}</arg>
<doc>Click the element identified by ``locator``.</doc>
<msg timestamp="20220517 11:03:33.352" level="INFO">Clicking element 'xpath=//div[@id='products']//div[4]/div/div/div[2]/div[5]/div[3]/div/div/a'.</msg>
<status status="PASS" starttime="20220517 11:03:33.352" endtime="20220517 11:03:33.421"/>
</kw>
<kw name="Get Text" library="SeleniumLibrary">
<var>${temp}</var>
<arg>${name}</arg>
<doc>Returns the text value of the element identified by ``locator``.</doc>
<msg timestamp="20220517 11:03:33.455" level="INFO">${temp} = Hydrocollator® Moist Heat HotPac - Cervical</msg>
<status status="PASS" starttime="20220517 11:03:33.421" endtime="20220517 11:03:33.455"/>
</kw>
<kw name="Log To Console" library="BuiltIn">
<arg>Looking for Pop Up, timeout 15s</arg>
<doc>Logs the given message to the console.</doc>
<status status="PASS" starttime="20220517 11:03:33.455" endtime="20220517 11:03:33.456"/>
</kw>
<kw name="Run Keyword And Ignore Error" library="BuiltIn">
<arg>Wait Until Element Is Visible</arg>
<arg>${loc_div_quoteupdatedsuccess_shop}</arg>
<arg>${WAIT}</arg>
<doc>Runs the given keyword with the given arguments and ignores possible error.</doc>
<kw name="Wait Until Element Is Visible" library="SeleniumLibrary">
<arg>${loc_div_quoteupdatedsuccess_shop}</arg>
<arg>${WAIT}</arg>
<doc>Waits until the element ``locator`` is visible.</doc>
<status status="PASS" starttime="20220517 11:03:33.456" endtime="20220517 11:03:33.918"/>
</kw>
<status status="PASS" starttime="20220517 11:03:33.456" endtime="20220517 11:03:33.918"/>
</kw>
<msg timestamp="20220517 11:03:33.918" level="INFO">${tempName} = Hydrocollator® Moist Heat HotPac - Cervical</msg>
<status status="PASS" starttime="20220517 11:03:33.308" endtime="20220517 11:03:33.918"/>
</kw>
<kw name="Append To List" library="Collections">
<arg>${ProductNamesList}</arg>
<arg>${tempName}</arg>
<doc>Adds ``values`` to the end of ``list``.</doc>
<status status="PASS" starttime="20220517 11:03:33.918" endtime="20220517 11:03:33.918"/>
</kw>
<status status="PASS" starttime="20220517 11:03:28.298" endtime="20220517 11:03:33.918"/>
</iter>
<iter>
<var name="${i}">5</var>
<kw name="Sleep" library="BuiltIn">
<arg>5s</arg>
<doc>Pauses the test executed for the given time.</doc>
<msg timestamp="20220517 11:03:38.921" level="INFO">Slept 5 seconds</msg>
<status status="PASS" starttime="20220517 11:03:33.919" endtime="20220517 11:03:38.921"/>
</kw>
<kw name="Set Variable" library="BuiltIn">
<var>${temploc_a_add_shop}</var>
<arg>xpath=//div[@id='products']//div[${i}]/div/div/div[2]/div[5]/div[3]/div/div/a</arg>
<doc>Returns the given values which can then be assigned to a variables.</doc>
<msg timestamp="20220517 11:03:38.922" level="INFO">${temploc_a_add_shop} = xpath=//div[@id='products']//div[5]/div/div/div[2]/div[5]/div[3]/div/div/a</msg>
<status status="PASS" starttime="20220517 11:03:38.921" endtime="20220517 11:03:38.922"/>
</kw>
<kw name="Set Variable" library="BuiltIn">
<var>${temploc_h5_name_shop}</var>
<arg>xpath=//div[@id='products']//div[${i}]/div/div/div[2]/div[1]/div[1]/h5</arg>
<doc>Returns the given values which can then be assigned to a variables.</doc>
<msg timestamp="20220517 11:03:38.923" level="INFO">${temploc_h5_name_shop} = xpath=//div[@id='products']//div[5]/div/div/div[2]/div[1]/div[1]/h5</msg>
<status status="PASS" starttime="20220517 11:03:38.922" endtime="20220517 11:03:38.923"/>
</kw>
<kw name="Add Product to Quote" library="Keywords">
<var>${tempName}</var>
<arg>${temploc_a_add_shop}</arg>
<arg>${WAIT}</arg>
<arg>${temploc_h5_name_shop}</arg>
<kw name="Wait Until Element Is Visible" library="SeleniumLibrary">
<arg>${locator}</arg>
<arg>${timeout}</arg>
<doc>Waits until the element ``locator`` is visible.</doc>
<status status="PASS" starttime="20220517 11:03:38.924" endtime="20220517 11:03:38.959"/>
</kw>
<kw name="Click Element" library="SeleniumLibrary">
<arg>${locator}</arg>
<doc>Click the element identified by ``locator``.</doc>
<msg timestamp="20220517 11:03:38.960" level="INFO">Clicking element 'xpath=//div[@id='products']//div[5]/div/div/div[2]/div[5]/div[3]/div/div/a'.</msg>
<status status="PASS" starttime="20220517 11:03:38.960" endtime="20220517 11:03:39.018"/>
</kw>
<kw name="Get Text" library="SeleniumLibrary">
<var>${temp}</var>
<arg>${name}</arg>
<doc>Returns the text value of the element identified by ``locator``.</doc>
<msg timestamp="20220517 11:03:39.053" level="INFO">${temp} = Chattanooga Hydrocollator Moist Heat Hot Pac Oversize 15" x 24"</msg>
<status status="PASS" starttime="20220517 11:03:39.018" endtime="20220517 11:03:39.053"/>
</kw>
<kw name="Log To Console" library="BuiltIn">
<arg>Looking for Pop Up, timeout 15s</arg>
<doc>Logs the given message to the console.</doc>
<status status="PASS" starttime="20220517 11:03:39.053" endtime="20220517 11:03:39.054"/>
</kw>
<kw name="Run Keyword And Ignore Error" library="BuiltIn">
<arg>Wait Until Element Is Visible</arg>
<arg>${loc_div_quoteupdatedsuccess_shop}</arg>
<arg>${WAIT}</arg>
<doc>Runs the given keyword with the given arguments and ignores possible error.</doc>
<kw name="Wait Until Element Is Visible" library="SeleniumLibrary">
<arg>${loc_div_quoteupdatedsuccess_shop}</arg>
<arg>${WAIT}</arg>
<doc>Waits until the element ``locator`` is visible.</doc>
<status status="PASS" starttime="20220517 11:03:39.054" endtime="20220517 11:03:39.500"/>
</kw>
<status status="PASS" starttime="20220517 11:03:39.054" endtime="20220517 11:03:39.500"/>
</kw>
<msg timestamp="20220517 11:03:39.500" level="INFO">${tempName} = Chattanooga Hydrocollator Moist Heat Hot Pac Oversize 15" x 24"</msg>
<status status="PASS" starttime="20220517 11:03:38.923" endtime="20220517 11:03:39.500"/>
</kw>
<kw name="Append To List" library="Collections">
<arg>${ProductNamesList}</arg>
<arg>${tempName}</arg>
<doc>Adds ``values`` to the end of ``list``.</doc>
<status status="PASS" starttime="20220517 11:03:39.500" endtime="20220517 11:03:39.501"/>
</kw>
<status status="PASS" starttime="20220517 11:03:33.919" endtime="20220517 11:03:39.501"/>
</iter>
<status status="PASS" starttime="20220517 11:03:11.465" endtime="20220517 11:03:39.501"/>
</for>
<msg timestamp="20220517 11:03:39.501" level="INFO">${ProductNames} = ['TheraBand Professional Latex Resistance Bands - 5” wide x 50 yards long - Heavy Blue', 'TheraBand Professional Latex Resistance Bands - 5” wide x 50 yards long - Heavy Green', 'TheraBand Professiona...</msg>
<status status="PASS" starttime="20220517 11:03:11.436" endtime="20220517 11:03:39.501"/>
</kw>
<kw name="Log To Console" library="BuiltIn">
<arg>...Products added to Quote!</arg>
<doc>Logs the given message to the console.</doc>
<status status="PASS" starttime="20220517 11:03:39.501" endtime="20220517 11:03:39.501"/>
</kw>
<msg timestamp="20220517 11:03:39.502" level="INFO">${ProductNames} = ['TheraBand Professional Latex Resistance Bands - 5” wide x 50 yards long - Heavy Blue', 'TheraBand Professional Latex Resistance Bands - 5” wide x 50 yards long - Heavy Green', 'TheraBand Professiona...</msg>
<status status="PASS" starttime="20220517 11:03:11.399" endtime="20220517 11:03:39.502"/>
</kw>
<kw name="Save Quote" library="Keywords">
<kw name="Wait Until Element Is Visible" library="SeleniumLibrary">
<arg>${loc_a_quote_navbar}</arg>
<arg>${WAIT}</arg>
<doc>Waits until the element ``locator`` is visible.</doc>
<status status="PASS" starttime="20220517 11:03:39.503" endtime="20220517 11:03:39.529"/>
</kw>
<kw name="Click Element" library="SeleniumLibrary">
<arg>${loc_a_quote_navbar}</arg>
<doc>Click the element identified by ``locator``.</doc>
<msg timestamp="20220517 11:03:39.529" level="INFO">Clicking element 'xpath=//em[@class="icon fas fa-shopping-cart"]'.</msg>
<status status="PASS" starttime="20220517 11:03:39.529" endtime="20220517 11:03:39.598"/>
</kw>
<kw name="Wait Until Element Is Visible" library="SeleniumLibrary">
<arg>${loc_em_save_navbar}</arg>
<arg>${WAIT}</arg>
<doc>Waits until the element ``locator`` is visible.</doc>
<status status="PASS" starttime="20220517 11:03:39.598" endtime="20220517 11:03:39.623"/>
</kw>
<kw name="Click Element" library="SeleniumLibrary">
<arg>${loc_em_save_navbar}</arg>
<doc>Click the element identified by ``locator``.</doc>
<msg timestamp="20220517 11:03:39.624" level="INFO">Clicking element 'xpath=//em[@class="fas fa-save"]'.</msg>
<status status="PASS" starttime="20220517 11:03:39.624" endtime="20220517 11:03:39.680"/>
</kw>
<kw name="Wait Until Element Is Visible" library="SeleniumLibrary">
<arg>${loc_input_quoteTitle_modal}</arg>
<arg>${WAIT}</arg>
<doc>Waits until the element ``locator`` is visible.</doc>
<status status="PASS" starttime="20220517 11:03:39.680" endtime="20220517 11:03:39.967"/>
</kw>
<kw name="Input Text" library="SeleniumLibrary">
<arg>${loc_input_quoteTitle_modal}</arg>
<arg>TrueQuoteTEST</arg>
<doc>Types the given ``text`` into the text field identified by ``locator``.</doc>
<msg timestamp="20220517 11:03:39.967" level="INFO">Typing text 'TrueQuoteTEST' into text field 'css:input#quoteTitle'.</msg>
<status status="PASS" starttime="20220517 11:03:39.967" endtime="20220517 11:03:40.073"/>
</kw>
<kw name="Wait Until Element Is Visible" library="SeleniumLibrary">
<arg>${loc_button_saveQuote_modal}</arg>
<arg>${WAIT}</arg>
<doc>Waits until the element ``locator`` is visible.</doc>
<status status="PASS" starttime="20220517 11:03:40.074" endtime="20220517 11:03:40.096"/>
</kw>
<kw name="Click Element" library="SeleniumLibrary">
<arg>${loc_button_saveQuote_modal}</arg>
<doc>Click the element identified by ``locator``.</doc>
<msg timestamp="20220517 11:03:40.096" level="INFO">Clicking element 'xpath=//button[contains(text(),'Save')]'.</msg>
<status status="PASS" starttime="20220517 11:03:40.096" endtime="20220517 11:03:40.152"/>
</kw>
<kw name="Sleep" library="BuiltIn">
<arg>12s</arg>
<doc>Pauses the test executed for the given time.</doc>
<msg timestamp="20220517 11:03:52.168" level="INFO">Slept 12 seconds</msg>
<status status="PASS" starttime="20220517 11:03:40.153" endtime="20220517 11:03:52.168"/>
</kw>
<status status="PASS" starttime="20220517 11:03:39.503" endtime="20220517 11:03:52.168"/>
</kw>
<kw name="Go To Quote" library="Keywords">
<kw name="Wait Until Element Is Visible" library="SeleniumLibrary">
<arg>${loc_a_quote_navbar}</arg>
<arg>${WAIT}</arg>
<doc>Waits until the element ``locator`` is visible.</doc>
<status status="PASS" starttime="20220517 11:03:52.170" endtime="20220517 11:03:52.334"/>
</kw>
<kw name="Click Element" library="SeleniumLibrary">
<arg>${loc_a_quote_navbar}</arg>
<doc>Click the element identified by ``locator``.</doc>
<msg timestamp="20220517 11:03:52.335" level="INFO">Clicking element 'xpath=//em[@class="icon fas fa-shopping-cart"]'.</msg>
<status status="PASS" starttime="20220517 11:03:52.334" endtime="20220517 11:03:52.396"/>
</kw>
<kw name="Wait Until Element Is Visible" library="SeleniumLibrary">
<arg>${loc_button_viewQuote_navbar}</arg>
<arg>${WAIT}</arg>
<doc>Waits until the element ``locator`` is visible.</doc>
<status status="PASS" starttime="20220517 11:03:52.397" endtime="20220517 11:03:52.422"/>
</kw>
<kw name="Click Element" library="SeleniumLibrary">
<arg>${loc_button_viewQuote_navbar}</arg>
<doc>Click the element identified by ``locator``.</doc>
<msg timestamp="20220517 11:03:52.423" level="INFO">Clicking element 'xpath=//*[contains(text(), "View quote")]'.</msg>
<status status="PASS" starttime="20220517 11:03:52.423" endtime="20220517 11:03:56.407"/>
</kw>
<kw name="Create Dictionary" library="BuiltIn">
<var>&amp;{templist}</var>
<arg>feature=Sidebar Navigation</arg>
<arg>status=PASSED</arg>
<arg>notes=</arg>
<doc>Creates and returns a dictionary based on the given ``items``.</doc>
<msg timestamp="20220517 11:03:56.407" level="INFO">&amp;{templist} = { feature=Sidebar Navigation | status=PASSED | notes= }</msg>
<status status="PASS" starttime="20220517 11:03:56.407" endtime="20220517 11:03:56.407"/>
</kw>
<kw name="Append To List" library="Collections">
<arg>${RESULTS}</arg>
<arg>${templist}</arg>
<doc>Adds ``values`` to the end of ``list``.</doc>
<status status="PASS" starttime="20220517 11:03:56.407" endtime="20220517 11:03:56.408"/>
</kw>
<status status="PASS" starttime="20220517 11:03:52.169" endtime="20220517 11:03:56.408"/>
</kw>
<kw name="Edit Truequote Items" library="Keywords">
<kw name="Sleep" library="BuiltIn">
<arg>16s</arg>
<doc>Pauses the test executed for the given time.</doc>
<msg timestamp="20220517 11:04:12.422" level="INFO">Slept 16 seconds</msg>
<status status="PASS" starttime="20220517 11:03:56.409" endtime="20220517 11:04:12.422"/>
</kw>
<kw name="Turn Saved Quote Into Truequote" library="Keywords">
<kw name="Verify Truequote Added" library="Keywords">
<kw name="Wait Until Element Is Visible" library="SeleniumLibrary">
<arg>${loc_button_truequote_quote}</arg>
<arg>${WAIT}</arg>
<doc>Waits until the element ``locator`` is visible.</doc>
<status status="PASS" starttime="20220517 11:04:12.423" endtime="20220517 11:04:12.505"/>
</kw>
<status status="PASS" starttime="20220517 11:04:12.423" endtime="20220517 11:04:12.506"/>
</kw>
<kw name="Click Element" library="SeleniumLibrary">
<arg>${loc_button_truequote_quote}</arg>
<doc>Click the element identified by ``locator``.</doc>
<msg timestamp="20220517 11:04:12.506" level="INFO">Clicking element 'xpath=//button[contains(text(), "True Quote")]'.</msg>
<status status="PASS" starttime="20220517 11:04:12.506" endtime="20220517 11:04:12.594"/>
</kw>
<kw name="Sleep" library="BuiltIn">
<arg>24s</arg>
<doc>Pauses the test executed for the given time.</doc>
<msg timestamp="20220517 11:04:36.595" level="INFO">Slept 24 seconds</msg>
<status status="PASS" starttime="20220517 11:04:12.594" endtime="20220517 11:04:36.596"/>
</kw>
<status status="PASS" starttime="20220517 11:04:12.422" endtime="20220517 11:04:36.596"/>
</kw>
<kw name="Wait Until Element Is Visible" library="SeleniumLibrary">
<arg>${loc_span_truequotels_quote}</arg>
<arg>${WAIT}</arg>
<doc>Waits until the element ``locator`` is visible.</doc>
<status status="PASS" starttime="20220517 11:04:36.596" endtime="20220517 11:04:36.651"/>
</kw>
<kw name="Click Element" library="SeleniumLibrary">
<arg>${loc_span_truequotels_quote}</arg>
<doc>Click the element identified by ``locator``.</doc>
<msg timestamp="20220517 11:04:36.651" level="INFO">Clicking element 'xpath=//span[@class='VueTables__child-row-toggler VueTables__child-row-toggler--closed']'.</msg>
<status status="PASS" starttime="20220517 11:04:36.651" endtime="20220517 11:04:36.726"/>
</kw>
<kw name="Wait Until Element Is Visible" library="SeleniumLibrary">
<arg>${loc_button_editquote_quote}</arg>
<arg>${WAIT}</arg>
<doc>Waits until the element ``locator`` is visible.</doc>
<status status="PASS" starttime="20220517 11:04:36.726" endtime="20220517 11:04:36.760"/>
</kw>
<kw name="Click Element" library="SeleniumLibrary">
<arg>${loc_button_editquote_quote}</arg>
<doc>Click the element identified by ``locator``.</doc>
<msg timestamp="20220517 11:04:36.760" level="INFO">Clicking element 'xpath=//button[contains(text(), "Edit quote items")]'.</msg>
<status status="PASS" starttime="20220517 11:04:36.760" endtime="20220517 11:04:36.918"/>
</kw>
<kw name="Sleep" library="BuiltIn">
<arg>2s</arg>
<doc>Pauses the test executed for the given time.</doc>
<msg timestamp="20220517 11:04:38.929" level="INFO">Slept 2 seconds</msg>
<status status="PASS" starttime="20220517 11:04:36.919" endtime="20220517 11:04:38.929"/>
</kw>
<kw name="Verify Truequote Modal Is On Page" library="Keywords">
<kw name="Wait Until Element Is Visible" library="SeleniumLibrary">
<arg>${loc_div_truequotemod_quote}</arg>
<arg>${WAIT}</arg>
<doc>Waits until the element ``locator`` is visible.</doc>
<status status="PASS" starttime="20220517 11:04:38.929" endtime="20220517 11:04:38.963"/>
</kw>
<status status="PASS" starttime="20220517 11:04:38.929" endtime="20220517 11:04:38.963"/>
</kw>
<kw name="Change Item Price" library="Keywords">
<kw name="Scroll Element Into View" library="SeleniumLibrary">
<arg>${loc_input_truequote_modal}</arg>
<doc>Scrolls the element identified by ``locator`` into view.</doc>
<status status="PASS" starttime="20220517 11:04:38.964" endtime="20220517 11:04:39.253"/>
</kw>
<kw name="Wait Until Element Is Visible" library="SeleniumLibrary">
<arg>${loc_input_truequote_modal}</arg>
<arg>${WAIT}</arg>
<doc>Waits until the element ``locator`` is visible.</doc>
<status status="PASS" starttime="20220517 11:04:39.253" endtime="20220517 11:04:39.275"/>
</kw>
<kw name="Click Element" library="SeleniumLibrary">
<arg>${loc_input_truequote_modal}</arg>
<doc>Click the element identified by ``locator``.</doc>
<msg timestamp="20220517 11:04:39.275" level="INFO">Clicking element 'xpath=//input[@class='inlineinput']'.</msg>
<status status="PASS" starttime="20220517 11:04:39.275" endtime="20220517 11:04:39.332"/>
</kw>
<kw name="Input Text" library="SeleniumLibrary">
<arg>${loc_input_truequote_modal}</arg>
<arg>30</arg>
<doc>Types the given ``text`` into the text field identified by ``locator``.</doc>
<msg timestamp="20220517 11:04:39.333" level="INFO">Typing text '30' into text field 'xpath=//input[@class='inlineinput']'.</msg>
<status status="PASS" starttime="20220517 11:04:39.333" endtime="20220517 11:04:39.430"/>
</kw>
<kw name="Scroll Element Into View" library="SeleniumLibrary">
<arg>${loc_button_saveQuote_modal}</arg>
<doc>Scrolls the element identified by ``locator`` into view.</doc>
<status status="PASS" starttime="20220517 11:04:39.430" endtime="20220517 11:04:39.734"/>
</kw>
<kw name="Wait Until Element Is Visible" library="SeleniumLibrary">
<arg>${loc_button_saveQuote_modal}</arg>
<arg>${WAIT}</arg>
<doc>Waits until the element ``locator`` is visible.</doc>
<status status="PASS" starttime="20220517 11:04:39.735" endtime="20220517 11:04:39.770"/>
</kw>
<kw name="Click Element" library="SeleniumLibrary">
<arg>${loc_button_saveQuote_modal}</arg>
<doc>Click the element identified by ``locator``.</doc>
<msg timestamp="20220517 11:04:39.770" level="INFO">Clicking element 'xpath=//button[contains(text(),'Save')]'.</msg>
<status status="PASS" starttime="20220517 11:04:39.770" endtime="20220517 11:04:39.843"/>
</kw>
<status status="PASS" starttime="20220517 11:04:38.963" endtime="20220517 11:04:39.843"/>
</kw>
<status status="PASS" starttime="20220517 11:03:56.408" endtime="20220517 11:04:39.843"/>
</kw>
<doc>truequote workflow: truequote price not carried over to SOR creation</doc>
<tag>Bug</tag>
<tag>Truequote</tag>
<status status="PASS" starttime="20220517 11:02:58.474" endtime="20220517 11:04:39.844"/>
</test>
<kw name="Close Browser" library="SeleniumLibrary" type="TEARDOWN">
<doc>Closes the current browser.</doc>
<status status="PASS" starttime="20220517 11:04:39.846" endtime="20220517 11:04:42.120"/>
</kw>
<status status="PASS" starttime="20220517 11:00:43.226" endtime="20220517 11:04:42.120"/>
</suite>
<status status="PASS" starttime="20220517 11:00:43.186" endtime="20220517 11:04:42.122"/>
</suite>
<statistics>
<total>
<stat pass="2" fail="0" skip="0">All Tests</stat>
</total>
<tag>
<stat pass="1" fail="0" skip="0">Bug</stat>
<stat pass="1" fail="0" skip="0">Fulfillment</stat>
<stat pass="1" fail="0" skip="0">Truequote</stat>
</tag>
<suite>
<stat pass="2" fail="0" skip="0" id="s1" name="Test-Suites">Test-Suites</stat>
<stat pass="2" fail="0" skip="0" id="s1-s1" name="Fulfillment">Test-Suites.Fulfillment</stat>
</suite>
</statistics>
<errors>
</errors>
</robot>
