<?xml version="1.0" encoding="UTF-8"?>
<robot generator="Robot 5.0 (Python 3.10.4 on linux)" generated="20220517 23:51:40.609" rpa="false" schemaversion="3">
<suite id="s1" name="Tests" source="/opt/robotframework/tests">
<suite id="s1-s1" name="Test-Suites" source="/opt/robotframework/tests/test-suites">
<suite id="s1-s1-s1" name="Test" source="/opt/robotframework/tests/test-suites/Test.robot">
<kw name="Open Application" library="Keywords" type="SETUP">
<arg>${URL}</arg>
<kw name="Set Global Variables" library="Keywords">
<kw name="Set Current Date" library="Keywords">
<kw name="Get Current Date" library="DateTime">
<var>${DATE}</var>
<doc>Returns current local or UTC time with an optional increment.</doc>
<msg timestamp="20220517 23:51:40.931" level="INFO">${DATE} = 2022-05-17 23:51:40.931</msg>
<status status="PASS" starttime="20220517 23:51:40.930" endtime="20220517 23:51:40.931"/>
</kw>
<kw name="Convert Date" library="DateTime">
<var>${DATE}</var>
<arg>${DATE}</arg>
<arg>result_format=%Y-%m-%d</arg>
<doc>Converts between supported `date formats`.</doc>
<msg timestamp="20220517 23:51:40.933" level="INFO">${DATE} = 2022-05-17</msg>
<status status="PASS" starttime="20220517 23:51:40.931" endtime="20220517 23:51:40.933"/>
</kw>
<kw name="Set Global Variable" library="BuiltIn">
<arg>${DATE}</arg>
<doc>Makes a variable available globally in all tests and suites.</doc>
<msg timestamp="20220517 23:51:40.934" level="INFO">${DATE} = 2022-05-17</msg>
<status status="PASS" starttime="20220517 23:51:40.933" endtime="20220517 23:51:40.934"/>
</kw>
<status status="PASS" starttime="20220517 23:51:40.930" endtime="20220517 23:51:40.934"/>
</kw>
<status status="PASS" starttime="20220517 23:51:40.930" endtime="20220517 23:51:40.934"/>
</kw>
<kw name="Log To Console" library="BuiltIn">
<arg>Initializing Automated Test</arg>
<doc>Logs the given message to the console.</doc>
<status status="PASS" starttime="20220517 23:51:40.934" endtime="20220517 23:51:40.934"/>
</kw>
<kw name="Evaluate" library="BuiltIn">
<var>${chrome_options}</var>
<arg>sys.modules['selenium.webdriver'].ChromeOptions()</arg>
<arg>sys, selenium.webdriver</arg>
<doc>Evaluates the given expression in Python and returns the result.</doc>
<msg timestamp="20220517 23:51:40.935" level="INFO">${chrome_options} = &lt;selenium.webdriver.chrome.options.Options object at 0x7f754eca57b0&gt;</msg>
<status status="PASS" starttime="20220517 23:51:40.934" endtime="20220517 23:51:40.935"/>
</kw>
<kw name="Call Method" library="BuiltIn">
<arg>${chrome_options}</arg>
<arg>add_argument</arg>
<arg>test-type</arg>
<doc>Calls the named method of the given object with the provided arguments.</doc>
<status status="PASS" starttime="20220517 23:51:40.935" endtime="20220517 23:51:40.935"/>
</kw>
<kw name="Call Method" library="BuiltIn">
<arg>${chrome_options}</arg>
<arg>add_argument</arg>
<arg>--disable-extensions</arg>
<doc>Calls the named method of the given object with the provided arguments.</doc>
<status status="PASS" starttime="20220517 23:51:40.935" endtime="20220517 23:51:40.936"/>
</kw>
<kw name="Call Method" library="BuiltIn">
<arg>${chrome_options}</arg>
<arg>add_argument</arg>
<arg>--headless</arg>
<doc>Calls the named method of the given object with the provided arguments.</doc>
<status status="PASS" starttime="20220517 23:51:40.936" endtime="20220517 23:51:40.936"/>
</kw>
<kw name="Call Method" library="BuiltIn">
<arg>${chrome_options}</arg>
<arg>add_argument</arg>
<arg>--disable-dev-shm-usage</arg>
<doc>Calls the named method of the given object with the provided arguments.</doc>
<status status="PASS" starttime="20220517 23:51:40.936" endtime="20220517 23:51:40.936"/>
</kw>
<kw name="Call Method" library="BuiltIn">
<arg>${chrome_options}</arg>
<arg>add_argument</arg>
<arg>--disable-gpu</arg>
<doc>Calls the named method of the given object with the provided arguments.</doc>
<status status="PASS" starttime="20220517 23:51:40.936" endtime="20220517 23:51:40.937"/>
</kw>
<kw name="Call Method" library="BuiltIn">
<arg>${chrome_options}</arg>
<arg>add_argument</arg>
<arg>--no-sandbox</arg>
<doc>Calls the named method of the given object with the provided arguments.</doc>
<status status="PASS" starttime="20220517 23:51:40.937" endtime="20220517 23:51:40.937"/>
</kw>
<kw name="Create Webdriver" library="SeleniumLibrary">
<arg>Chrome</arg>
<arg>chrome_options=${chrome_options}</arg>
<doc>Creates an instance of Selenium WebDriver.</doc>
<msg timestamp="20220517 23:51:40.937" level="INFO">Creating an instance of the Chrome WebDriver.</msg>
<status status="PASS" starttime="20220517 23:51:40.937" endtime="20220517 23:51:41.630"/>
</kw>
<kw name="Go To" library="SeleniumLibrary">
<arg>${URL}</arg>
<doc>Navigates the current browser window to the provided ``url``.</doc>
<msg timestamp="20220517 23:51:41.631" level="INFO">Opening url 'https://mailtrap.io/inboxes'</msg>
<status status="PASS" starttime="20220517 23:51:41.630" endtime="20220517 23:51:45.686"/>
</kw>
<kw name="Set Window Size" library="SeleniumLibrary">
<arg>${1920}</arg>
<arg>${1080}</arg>
<doc>Sets current windows size to given ``width`` and ``height``.</doc>
<status status="PASS" starttime="20220517 23:51:45.686" endtime="20220517 23:51:45.795"/>
</kw>
<kw name="Sleep" library="BuiltIn">
<arg>2s</arg>
<doc>Pauses the test executed for the given time.</doc>
<msg timestamp="20220517 23:51:47.796" level="INFO">Slept 2 seconds</msg>
<status status="PASS" starttime="20220517 23:51:45.795" endtime="20220517 23:51:47.796"/>
</kw>
<status status="PASS" starttime="20220517 23:51:40.930" endtime="20220517 23:51:47.796"/>
</kw>
<test id="s1-s1-s1-t1" name="Fulfillment Workflow" line="12">
<kw name="Sleep" library="BuiltIn">
<arg>2s</arg>
<doc>Pauses the test executed for the given time.</doc>
<msg timestamp="20220517 23:51:49.799" level="INFO">Slept 2 seconds</msg>
<status status="PASS" starttime="20220517 23:51:47.798" endtime="20220517 23:51:49.799"/>
</kw>
<tag>Test</tag>
<status status="PASS" starttime="20220517 23:51:47.797" endtime="20220517 23:51:49.800"/>
</test>
<kw name="Close Browser" library="SeleniumLibrary" type="TEARDOWN">
<doc>Closes the current browser.</doc>
<status status="PASS" starttime="20220517 23:51:49.803" endtime="20220517 23:51:49.914"/>
</kw>
<status status="PASS" starttime="20220517 23:51:40.634" endtime="20220517 23:51:49.914"/>
</suite>
<status status="PASS" starttime="20220517 23:51:40.632" endtime="20220517 23:51:49.915"/>
</suite>
<status status="PASS" starttime="20220517 23:51:40.612" endtime="20220517 23:51:49.917"/>
</suite>
<statistics>
<total>
<stat pass="1" fail="0" skip="0">All Tests</stat>
</total>
<tag>
<stat pass="1" fail="0" skip="0">Test</stat>
</tag>
<suite>
<stat pass="1" fail="0" skip="0" id="s1" name="Tests">Tests</stat>
<stat pass="1" fail="0" skip="0" id="s1-s1" name="Test-Suites">Tests.Test-Suites</stat>
<stat pass="1" fail="0" skip="0" id="s1-s1-s1" name="Test">Tests.Test-Suites.Test</stat>
</suite>
</statistics>
<errors>
</errors>
</robot>
